{"C:\\Users\\Rock\\Desktop\\UIs\\index.js":{"path":"C:\\Users\\Rock\\Desktop\\UIs\\index.js","statementMap":{"0":{"start":{"line":3,"column":0},"end":{"line":5,"column":3}},"1":{"start":{"line":6,"column":0},"end":{"line":6,"column":28}},"2":{"start":{"line":8,"column":15},"end":{"line":8,"column":57}},"3":{"start":{"line":10,"column":18},"end":{"line":10,"column":64}},"4":{"start":{"line":12,"column":14},"end":{"line":12,"column":55}},"5":{"start":{"line":14,"column":18},"end":{"line":14,"column":72}},"6":{"start":{"line":16,"column":13},"end":{"line":16,"column":62}},"7":{"start":{"line":18,"column":13},"end":{"line":18,"column":62}},"8":{"start":{"line":20,"column":39},"end":{"line":20,"column":95}},"9":{"start":{"line":24,"column":0},"end":{"line":24,"column":28}},"10":{"start":{"line":27,"column":10},"end":{"line":27,"column":36}},"11":{"start":{"line":28,"column":0},"end":{"line":28,"column":39}},"12":{"start":{"line":29,"column":0},"end":{"line":31,"column":4}},"13":{"start":{"line":33,"column":0},"end":{"line":33,"column":38}},"14":{"start":{"line":35,"column":11},"end":{"line":35,"column":35}},"15":{"start":{"line":36,"column":0},"end":{"line":39,"column":3}},"16":{"start":{"line":38,"column":2},"end":{"line":38,"column":49}},"17":{"start":{"line":40,"column":15},"end":{"line":40,"column":18}},"18":{"start":{"line":41,"column":0},"end":{"line":41,"column":30}}},"fnMap":{"0":{"name":"_interopRequireDefault","decl":{"start":{"line":20,"column":9},"end":{"line":20,"column":31}},"loc":{"start":{"line":20,"column":37},"end":{"line":20,"column":97}},"line":20},"1":{"name":"(anonymous_1)","decl":{"start":{"line":36,"column":17},"end":{"line":36,"column":18}},"loc":{"start":{"line":36,"column":29},"end":{"line":39,"column":1}},"line":36}},"branchMap":{"0":{"loc":{"start":{"line":20,"column":46},"end":{"line":20,"column":94}},"type":"cond-expr","locations":[{"start":{"line":20,"column":70},"end":{"line":20,"column":73}},{"start":{"line":20,"column":76},"end":{"line":20,"column":94}}],"line":20},"1":{"loc":{"start":{"line":20,"column":46},"end":{"line":20,"column":67}},"type":"binary-expr","locations":[{"start":{"line":20,"column":46},"end":{"line":20,"column":49}},{"start":{"line":20,"column":53},"end":{"line":20,"column":67}}],"line":20},"2":{"loc":{"start":{"line":35,"column":11},"end":{"line":35,"column":35}},"type":"binary-expr","locations":[{"start":{"line":35,"column":11},"end":{"line":35,"column":27}},{"start":{"line":35,"column":31},"end":{"line":35,"column":35}}],"line":35}},"s":{"0":1,"1":1,"2":1,"3":1,"4":1,"5":1,"6":1,"7":1,"8":6,"9":1,"10":1,"11":1,"12":1,"13":1,"14":1,"15":1,"16":1,"17":1,"18":1},"f":{"0":6,"1":1},"b":{"0":[3,3],"1":[6,6],"2":[1,0]},"_coverageSchema":"43e27e138ebf9cfc5966b082cf9a028302ed4184","hash":"0c6777b979bf073c20b0761bdedf305030126f6c","contentHash":"c1f94e0f86f59653b62394202b0ad6c0bccf6349391077f2a097483dc3e230c0"},"C:\\Users\\Rock\\Desktop\\UIs\\config\\connection.js":{"path":"C:\\Users\\Rock\\Desktop\\UIs\\config\\connection.js","statementMap":{"0":{"start":{"line":3,"column":0},"end":{"line":5,"column":3}},"1":{"start":{"line":6,"column":0},"end":{"line":6,"column":28}},"2":{"start":{"line":8,"column":10},"end":{"line":8,"column":23}},"3":{"start":{"line":10,"column":14},"end":{"line":10,"column":55}},"4":{"start":{"line":12,"column":39},"end":{"line":12,"column":95}},"5":{"start":{"line":14,"column":77},"end":{"line":14,"column":175}},"6":{"start":{"line":14,"column":94},"end":{"line":14,"column":107}},"7":{"start":{"line":14,"column":121},"end":{"line":14,"column":131}},"8":{"start":{"line":14,"column":151},"end":{"line":14,"column":165}},"9":{"start":{"line":14,"column":166},"end":{"line":14,"column":173}},"10":{"start":{"line":14,"column":176},"end":{"line":14,"column":263}},"11":{"start":{"line":14,"column":193},"end":{"line":14,"column":208}},"12":{"start":{"line":14,"column":218},"end":{"line":14,"column":261}},"13":{"start":{"line":16,"column":33},"end":{"line":16,"column":387}},"14":{"start":{"line":16,"column":65},"end":{"line":16,"column":69}},"15":{"start":{"line":16,"column":78},"end":{"line":16,"column":87}},"16":{"start":{"line":16,"column":89},"end":{"line":16,"column":384}},"17":{"start":{"line":16,"column":147},"end":{"line":16,"column":167}},"18":{"start":{"line":16,"column":193},"end":{"line":16,"column":264}},"19":{"start":{"line":16,"column":290},"end":{"line":16,"column":360}},"20":{"start":{"line":16,"column":363},"end":{"line":16,"column":380}},"21":{"start":{"line":18,"column":50},"end":{"line":18,"column":151}},"22":{"start":{"line":18,"column":92},"end":{"line":18,"column":149}},"23":{"start":{"line":20,"column":44},"end":{"line":20,"column":315}},"24":{"start":{"line":20,"column":57},"end":{"line":20,"column":58}},"25":{"start":{"line":20,"column":102},"end":{"line":20,"column":110}},"26":{"start":{"line":20,"column":112},"end":{"line":20,"column":167}},"27":{"start":{"line":20,"column":168},"end":{"line":20,"column":199}},"28":{"start":{"line":20,"column":200},"end":{"line":20,"column":254}},"29":{"start":{"line":20,"column":227},"end":{"line":20,"column":254}},"30":{"start":{"line":20,"column":255},"end":{"line":20,"column":313}},"31":{"start":{"line":22,"column":62},"end":{"line":22,"column":131}},"32":{"start":{"line":22,"column":78},"end":{"line":22,"column":131}},"33":{"start":{"line":22,"column":132},"end":{"line":22,"column":193}},"34":{"start":{"line":22,"column":149},"end":{"line":22,"column":193}},"35":{"start":{"line":22,"column":194},"end":{"line":22,"column":213}},"36":{"start":{"line":24,"column":0},"end":{"line":24,"column":28}},"37":{"start":{"line":28,"column":0},"end":{"line":130,"column":3}},"38":{"start":{"line":30,"column":4},"end":{"line":30,"column":30}},"39":{"start":{"line":32,"column":4},"end":{"line":37,"column":7}},"40":{"start":{"line":38,"column":4},"end":{"line":38,"column":21}},"41":{"start":{"line":41,"column":2},"end":{"line":127,"column":6}},"42":{"start":{"line":44,"column":25},"end":{"line":60,"column":9}},"43":{"start":{"line":47,"column":8},"end":{"line":59,"column":26}},"44":{"start":{"line":48,"column":10},"end":{"line":58,"column":11}},"45":{"start":{"line":49,"column":12},"end":{"line":57,"column":13}},"46":{"start":{"line":51,"column":16},"end":{"line":51,"column":37}},"47":{"start":{"line":52,"column":16},"end":{"line":52,"column":60}},"48":{"start":{"line":56,"column":16},"end":{"line":56,"column":39}},"49":{"start":{"line":63,"column":8},"end":{"line":63,"column":51}},"50":{"start":{"line":66,"column":6},"end":{"line":66,"column":25}},"51":{"start":{"line":71,"column":6},"end":{"line":71,"column":398}},"52":{"start":{"line":72,"column":6},"end":{"line":74,"column":9}},"53":{"start":{"line":73,"column":8},"end":{"line":73,"column":32}},"54":{"start":{"line":79,"column":6},"end":{"line":79,"column":306}},"55":{"start":{"line":80,"column":6},"end":{"line":82,"column":9}},"56":{"start":{"line":81,"column":8},"end":{"line":81,"column":32}},"57":{"start":{"line":87,"column":6},"end":{"line":87,"column":439}},"58":{"start":{"line":88,"column":6},"end":{"line":90,"column":9}},"59":{"start":{"line":89,"column":8},"end":{"line":89,"column":32}},"60":{"start":{"line":95,"column":6},"end":{"line":95,"column":52}},"61":{"start":{"line":96,"column":6},"end":{"line":98,"column":9}},"62":{"start":{"line":97,"column":8},"end":{"line":97,"column":32}},"63":{"start":{"line":103,"column":6},"end":{"line":103,"column":54}},"64":{"start":{"line":104,"column":6},"end":{"line":104,"column":37}},"65":{"start":{"line":109,"column":6},"end":{"line":109,"column":58}},"66":{"start":{"line":110,"column":6},"end":{"line":110,"column":37}},"67":{"start":{"line":116,"column":6},"end":{"line":116,"column":28}},"68":{"start":{"line":117,"column":6},"end":{"line":117,"column":34}},"69":{"start":{"line":118,"column":6},"end":{"line":118,"column":34}},"70":{"start":{"line":123,"column":6},"end":{"line":123,"column":26}},"71":{"start":{"line":124,"column":6},"end":{"line":124,"column":28}},"72":{"start":{"line":125,"column":6},"end":{"line":125,"column":32}},"73":{"start":{"line":129,"column":2},"end":{"line":129,"column":12}},"74":{"start":{"line":132,"column":15},"end":{"line":132,"column":17}},"75":{"start":{"line":133,"column":0},"end":{"line":133,"column":30}}},"fnMap":{"0":{"name":"_interopRequireDefault","decl":{"start":{"line":12,"column":9},"end":{"line":12,"column":31}},"loc":{"start":{"line":12,"column":37},"end":{"line":12,"column":97}},"line":12},"1":{"name":"asyncGeneratorStep","decl":{"start":{"line":14,"column":9},"end":{"line":14,"column":27}},"loc":{"start":{"line":14,"column":75},"end":{"line":14,"column":265}},"line":14},"2":{"name":"_asyncToGenerator","decl":{"start":{"line":16,"column":9},"end":{"line":16,"column":26}},"loc":{"start":{"line":16,"column":31},"end":{"line":16,"column":389}},"line":16},"3":{"name":"(anonymous_3)","decl":{"start":{"line":16,"column":40},"end":{"line":16,"column":41}},"loc":{"start":{"line":16,"column":52},"end":{"line":16,"column":386}},"line":16},"4":{"name":"(anonymous_4)","decl":{"start":{"line":16,"column":108},"end":{"line":16,"column":109}},"loc":{"start":{"line":16,"column":135},"end":{"line":16,"column":382}},"line":16},"5":{"name":"_next","decl":{"start":{"line":16,"column":178},"end":{"line":16,"column":183}},"loc":{"start":{"line":16,"column":191},"end":{"line":16,"column":266}},"line":16},"6":{"name":"_throw","decl":{"start":{"line":16,"column":276},"end":{"line":16,"column":282}},"loc":{"start":{"line":16,"column":288},"end":{"line":16,"column":362}},"line":16},"7":{"name":"_classCallCheck","decl":{"start":{"line":18,"column":9},"end":{"line":18,"column":24}},"loc":{"start":{"line":18,"column":48},"end":{"line":18,"column":153}},"line":18},"8":{"name":"_defineProperties","decl":{"start":{"line":20,"column":9},"end":{"line":20,"column":26}},"loc":{"start":{"line":20,"column":42},"end":{"line":20,"column":317}},"line":20},"9":{"name":"_createClass","decl":{"start":{"line":22,"column":9},"end":{"line":22,"column":21}},"loc":{"start":{"line":22,"column":60},"end":{"line":22,"column":215}},"line":22},"10":{"name":"(anonymous_10)","decl":{"start":{"line":28,"column":0},"end":{"line":28,"column":1}},"loc":{"start":{"line":28,"column":12},"end":{"line":130,"column":1}},"line":28},"11":{"name":"Db","decl":{"start":{"line":29,"column":11},"end":{"line":29,"column":13}},"loc":{"start":{"line":29,"column":16},"end":{"line":39,"column":3}},"line":29},"12":{"name":"(anonymous_12)","decl":{"start":{"line":43,"column":11},"end":{"line":43,"column":12}},"loc":{"start":{"line":43,"column":23},"end":{"line":67,"column":5}},"line":43},"13":{"name":"_callee","decl":{"start":{"line":46,"column":39},"end":{"line":46,"column":46}},"loc":{"start":{"line":46,"column":49},"end":{"line":60,"column":7}},"line":46},"14":{"name":"_callee$","decl":{"start":{"line":47,"column":48},"end":{"line":47,"column":56}},"loc":{"start":{"line":47,"column":67},"end":{"line":59,"column":9}},"line":47},"15":{"name":"getInstance","decl":{"start":{"line":62,"column":15},"end":{"line":62,"column":26}},"loc":{"start":{"line":62,"column":29},"end":{"line":64,"column":7}},"line":62},"16":{"name":"createUsersTable","decl":{"start":{"line":70,"column":20},"end":{"line":70,"column":36}},"loc":{"start":{"line":70,"column":39},"end":{"line":75,"column":5}},"line":70},"17":{"name":"(anonymous_17)","decl":{"start":{"line":72,"column":53},"end":{"line":72,"column":54}},"loc":{"start":{"line":72,"column":68},"end":{"line":74,"column":7}},"line":72},"18":{"name":"createUserAccountTable","decl":{"start":{"line":78,"column":20},"end":{"line":78,"column":42}},"loc":{"start":{"line":78,"column":45},"end":{"line":83,"column":5}},"line":78},"19":{"name":"(anonymous_19)","decl":{"start":{"line":80,"column":46},"end":{"line":80,"column":47}},"loc":{"start":{"line":80,"column":61},"end":{"line":82,"column":7}},"line":80},"20":{"name":"createTransactionTable","decl":{"start":{"line":86,"column":20},"end":{"line":86,"column":42}},"loc":{"start":{"line":86,"column":45},"end":{"line":91,"column":5}},"line":86},"21":{"name":"(anonymous_21)","decl":{"start":{"line":88,"column":46},"end":{"line":88,"column":47}},"loc":{"start":{"line":88,"column":61},"end":{"line":90,"column":7}},"line":88},"22":{"name":"dropTableUsers","decl":{"start":{"line":94,"column":20},"end":{"line":94,"column":34}},"loc":{"start":{"line":94,"column":37},"end":{"line":99,"column":5}},"line":94},"23":{"name":"(anonymous_23)","decl":{"start":{"line":96,"column":46},"end":{"line":96,"column":47}},"loc":{"start":{"line":96,"column":61},"end":{"line":98,"column":7}},"line":96},"24":{"name":"dropTableAccount","decl":{"start":{"line":102,"column":20},"end":{"line":102,"column":36}},"loc":{"start":{"line":102,"column":39},"end":{"line":105,"column":5}},"line":102},"25":{"name":"dropTableTransaction","decl":{"start":{"line":108,"column":20},"end":{"line":108,"column":40}},"loc":{"start":{"line":108,"column":43},"end":{"line":111,"column":5}},"line":108},"26":{"name":"createAllTable","decl":{"start":{"line":115,"column":20},"end":{"line":115,"column":34}},"loc":{"start":{"line":115,"column":37},"end":{"line":119,"column":5}},"line":115},"27":{"name":"dropAllTable","decl":{"start":{"line":122,"column":20},"end":{"line":122,"column":32}},"loc":{"start":{"line":122,"column":35},"end":{"line":126,"column":5}},"line":122}},"branchMap":{"0":{"loc":{"start":{"line":12,"column":46},"end":{"line":12,"column":94}},"type":"cond-expr","locations":[{"start":{"line":12,"column":70},"end":{"line":12,"column":73}},{"start":{"line":12,"column":76},"end":{"line":12,"column":94}}],"line":12},"1":{"loc":{"start":{"line":12,"column":46},"end":{"line":12,"column":67}},"type":"binary-expr","locations":[{"start":{"line":12,"column":46},"end":{"line":12,"column":49}},{"start":{"line":12,"column":53},"end":{"line":12,"column":67}}],"line":12},"2":{"loc":{"start":{"line":14,"column":176},"end":{"line":14,"column":263}},"type":"if","locations":[{"start":{"line":14,"column":176},"end":{"line":14,"column":263}},{"start":{"line":14,"column":176},"end":{"line":14,"column":263}}],"line":14},"3":{"loc":{"start":{"line":18,"column":50},"end":{"line":18,"column":151}},"type":"if","locations":[{"start":{"line":18,"column":50},"end":{"line":18,"column":151}},{"start":{"line":18,"column":50},"end":{"line":18,"column":151}}],"line":18},"4":{"loc":{"start":{"line":20,"column":136},"end":{"line":20,"column":166}},"type":"binary-expr","locations":[{"start":{"line":20,"column":136},"end":{"line":20,"column":157}},{"start":{"line":20,"column":161},"end":{"line":20,"column":166}}],"line":20},"5":{"loc":{"start":{"line":20,"column":200},"end":{"line":20,"column":254}},"type":"if","locations":[{"start":{"line":20,"column":200},"end":{"line":20,"column":254}},{"start":{"line":20,"column":200},"end":{"line":20,"column":254}}],"line":20},"6":{"loc":{"start":{"line":22,"column":62},"end":{"line":22,"column":131}},"type":"if","locations":[{"start":{"line":22,"column":62},"end":{"line":22,"column":131}},{"start":{"line":22,"column":62},"end":{"line":22,"column":131}}],"line":22},"7":{"loc":{"start":{"line":22,"column":132},"end":{"line":22,"column":193}},"type":"if","locations":[{"start":{"line":22,"column":132},"end":{"line":22,"column":193}},{"start":{"line":22,"column":132},"end":{"line":22,"column":193}}],"line":22},"8":{"loc":{"start":{"line":49,"column":12},"end":{"line":57,"column":13}},"type":"switch","locations":[{"start":{"line":50,"column":14},"end":{"line":52,"column":60}},{"start":{"line":54,"column":14},"end":{"line":54,"column":21}},{"start":{"line":55,"column":14},"end":{"line":56,"column":39}}],"line":49}},"s":{"0":1,"1":1,"2":1,"3":1,"4":1,"5":1,"6":1,"7":1,"8":0,"9":0,"10":1,"11":1,"12":0,"13":1,"14":1,"15":1,"16":1,"17":1,"18":1,"19":0,"20":1,"21":1,"22":0,"23":1,"24":1,"25":9,"26":9,"27":9,"28":9,"29":9,"30":9,"31":1,"32":0,"33":1,"34":1,"35":1,"36":1,"37":1,"38":1,"39":1,"40":1,"41":1,"42":1,"43":1,"44":2,"45":2,"46":1,"47":1,"48":1,"49":1,"50":1,"51":0,"52":0,"53":0,"54":0,"55":0,"56":0,"57":0,"58":0,"59":0,"60":0,"61":0,"62":0,"63":0,"64":0,"65":0,"66":0,"67":0,"68":0,"69":0,"70":0,"71":0,"72":0,"73":1,"74":1,"75":1},"f":{"0":1,"1":1,"2":1,"3":1,"4":1,"5":1,"6":0,"7":1,"8":1,"9":1,"10":1,"11":1,"12":1,"13":1,"14":2,"15":1,"16":0,"17":0,"18":0,"19":0,"20":0,"21":0,"22":0,"23":0,"24":0,"25":0,"26":0,"27":0},"b":{"0":[0,1],"1":[1,1],"2":[1,0],"3":[0,1],"4":[9,9],"5":[9,0],"6":[0,1],"7":[1,0],"8":[1,0,1]},"_coverageSchema":"43e27e138ebf9cfc5966b082cf9a028302ed4184","hash":"9694f508db2030f797818e39afc79060514a2950","contentHash":"4131dc3c368c2a42a65a182fced130b8dddc1ee93280cd177511c19c12c9f17e"},"C:\\Users\\Rock\\Desktop\\UIs\\routes\\route.js":{"path":"C:\\Users\\Rock\\Desktop\\UIs\\routes\\route.js","statementMap":{"0":{"start":{"line":3,"column":0},"end":{"line":5,"column":3}},"1":{"start":{"line":6,"column":0},"end":{"line":6,"column":28}},"2":{"start":{"line":8,"column":15},"end":{"line":8,"column":57}},"3":{"start":{"line":10,"column":11},"end":{"line":10,"column":49}},"4":{"start":{"line":12,"column":22},"end":{"line":12,"column":72}},"5":{"start":{"line":14,"column":18},"end":{"line":14,"column":64}},"6":{"start":{"line":16,"column":12},"end":{"line":16,"column":60}},"7":{"start":{"line":18,"column":13},"end":{"line":18,"column":62}},"8":{"start":{"line":20,"column":15},"end":{"line":20,"column":66}},"9":{"start":{"line":22,"column":18},"end":{"line":22,"column":72}},"10":{"start":{"line":24,"column":15},"end":{"line":24,"column":66}},"11":{"start":{"line":26,"column":16},"end":{"line":26,"column":44}},"12":{"start":{"line":28,"column":39},"end":{"line":28,"column":95}},"13":{"start":{"line":30,"column":13},"end":{"line":30,"column":41}},"14":{"start":{"line":32,"column":10},"end":{"line":32,"column":36}},"15":{"start":{"line":33,"column":0},"end":{"line":33,"column":39}},"16":{"start":{"line":34,"column":0},"end":{"line":36,"column":4}},"17":{"start":{"line":38,"column":0},"end":{"line":80,"column":3}},"18":{"start":{"line":39,"column":15},"end":{"line":53,"column":3}},"19":{"start":{"line":55,"column":15},"end":{"line":55,"column":57}},"20":{"start":{"line":57,"column":2},"end":{"line":62,"column":3}},"21":{"start":{"line":58,"column":4},"end":{"line":60,"column":7}},"22":{"start":{"line":61,"column":4},"end":{"line":61,"column":11}},"23":{"start":{"line":64,"column":14},"end":{"line":64,"column":28}},"24":{"start":{"line":65,"column":17},"end":{"line":65,"column":34}},"25":{"start":{"line":66,"column":18},"end":{"line":66,"column":36}},"26":{"start":{"line":67,"column":17},"end":{"line":67,"column":34}},"27":{"start":{"line":69,"column":15},"end":{"line":69,"column":73}},"28":{"start":{"line":70,"column":19},"end":{"line":70,"column":32}},"29":{"start":{"line":72,"column":2},"end":{"line":75,"column":5}},"30":{"start":{"line":72,"column":19},"end":{"line":75,"column":5}},"31":{"start":{"line":76,"column":2},"end":{"line":79,"column":5}},"32":{"start":{"line":82,"column":0},"end":{"line":113,"column":3}},"33":{"start":{"line":83,"column":15},"end":{"line":88,"column":3}},"34":{"start":{"line":90,"column":15},"end":{"line":90,"column":57}},"35":{"start":{"line":92,"column":2},"end":{"line":97,"column":3}},"36":{"start":{"line":93,"column":4},"end":{"line":95,"column":7}},"37":{"start":{"line":96,"column":4},"end":{"line":96,"column":11}},"38":{"start":{"line":99,"column":14},"end":{"line":99,"column":28}},"39":{"start":{"line":100,"column":17},"end":{"line":100,"column":34}},"40":{"start":{"line":102,"column":13},"end":{"line":102,"column":52}},"41":{"start":{"line":105,"column":2},"end":{"line":108,"column":5}},"42":{"start":{"line":105,"column":13},"end":{"line":108,"column":5}},"43":{"start":{"line":109,"column":2},"end":{"line":112,"column":5}},"44":{"start":{"line":115,"column":0},"end":{"line":153,"column":3}},"45":{"start":{"line":116,"column":2},"end":{"line":152,"column":3}},"46":{"start":{"line":117,"column":17},"end":{"line":125,"column":5}},"47":{"start":{"line":127,"column":17},"end":{"line":127,"column":59}},"48":{"start":{"line":129,"column":4},"end":{"line":134,"column":5}},"49":{"start":{"line":130,"column":6},"end":{"line":132,"column":9}},"50":{"start":{"line":133,"column":6},"end":{"line":133,"column":13}},"51":{"start":{"line":136,"column":16},"end":{"line":136,"column":30}},"52":{"start":{"line":137,"column":20},"end":{"line":137,"column":38}},"53":{"start":{"line":138,"column":19},"end":{"line":138,"column":36}},"54":{"start":{"line":139,"column":25},"end":{"line":139,"column":48}},"55":{"start":{"line":140,"column":15},"end":{"line":140,"column":28}},"56":{"start":{"line":141,"column":17},"end":{"line":141,"column":90}},"57":{"start":{"line":142,"column":15},"end":{"line":142,"column":28}},"58":{"start":{"line":143,"column":4},"end":{"line":146,"column":7}},"59":{"start":{"line":148,"column":4},"end":{"line":151,"column":7}},"60":{"start":{"line":155,"column":0},"end":{"line":164,"column":3}},"61":{"start":{"line":156,"column":2},"end":{"line":156,"column":28}},"62":{"start":{"line":158,"column":2},"end":{"line":158,"column":41}},"63":{"start":{"line":159,"column":2},"end":{"line":159,"column":42}},"64":{"start":{"line":160,"column":2},"end":{"line":160,"column":44}},"65":{"start":{"line":161,"column":2},"end":{"line":163,"column":5}},"66":{"start":{"line":167,"column":0},"end":{"line":192,"column":3}},"67":{"start":{"line":168,"column":2},"end":{"line":191,"column":3}},"68":{"start":{"line":171,"column":14},"end":{"line":171,"column":52}},"69":{"start":{"line":172,"column":16},"end":{"line":172,"column":39}},"70":{"start":{"line":173,"column":21},"end":{"line":173,"column":65}},"71":{"start":{"line":175,"column":4},"end":{"line":180,"column":5}},"72":{"start":{"line":176,"column":6},"end":{"line":179,"column":9}},"73":{"start":{"line":182,"column":4},"end":{"line":185,"column":7}},"74":{"start":{"line":187,"column":4},"end":{"line":190,"column":7}},"75":{"start":{"line":195,"column":0},"end":{"line":226,"column":3}},"76":{"start":{"line":196,"column":2},"end":{"line":225,"column":3}},"77":{"start":{"line":197,"column":4},"end":{"line":219,"column":5}},"78":{"start":{"line":198,"column":16},"end":{"line":198,"column":54}},"79":{"start":{"line":199,"column":18},"end":{"line":199,"column":41}},"80":{"start":{"line":200,"column":20},"end":{"line":200,"column":62}},"81":{"start":{"line":202,"column":6},"end":{"line":207,"column":7}},"82":{"start":{"line":203,"column":8},"end":{"line":206,"column":11}},"83":{"start":{"line":209,"column":6},"end":{"line":212,"column":9}},"84":{"start":{"line":215,"column":6},"end":{"line":218,"column":9}},"85":{"start":{"line":221,"column":4},"end":{"line":224,"column":7}},"86":{"start":{"line":229,"column":0},"end":{"line":254,"column":3}},"87":{"start":{"line":230,"column":12},"end":{"line":230,"column":50}},"88":{"start":{"line":232,"column":2},"end":{"line":253,"column":3}},"89":{"start":{"line":233,"column":16},"end":{"line":233,"column":39}},"90":{"start":{"line":234,"column":14},"end":{"line":234,"column":60}},"91":{"start":{"line":236,"column":4},"end":{"line":241,"column":5}},"92":{"start":{"line":237,"column":6},"end":{"line":240,"column":9}},"93":{"start":{"line":243,"column":4},"end":{"line":246,"column":7}},"94":{"start":{"line":249,"column":4},"end":{"line":252,"column":7}},"95":{"start":{"line":255,"column":0},"end":{"line":304,"column":3}},"96":{"start":{"line":256,"column":15},"end":{"line":272,"column":3}},"97":{"start":{"line":274,"column":15},"end":{"line":274,"column":57}},"98":{"start":{"line":276,"column":2},"end":{"line":281,"column":3}},"99":{"start":{"line":277,"column":4},"end":{"line":279,"column":7}},"100":{"start":{"line":280,"column":4},"end":{"line":280,"column":11}},"101":{"start":{"line":283,"column":18},"end":{"line":283,"column":36}},"102":{"start":{"line":284,"column":14},"end":{"line":284,"column":28}},"103":{"start":{"line":285,"column":17},"end":{"line":285,"column":34}},"104":{"start":{"line":286,"column":13},"end":{"line":286,"column":26}},"105":{"start":{"line":287,"column":17},"end":{"line":287,"column":34}},"106":{"start":{"line":288,"column":16},"end":{"line":288,"column":32}},"107":{"start":{"line":290,"column":21},"end":{"line":292,"column":20}},"108":{"start":{"line":294,"column":2},"end":{"line":298,"column":3}},"109":{"start":{"line":295,"column":4},"end":{"line":297,"column":7}},"110":{"start":{"line":300,"column":2},"end":{"line":303,"column":5}},"111":{"start":{"line":307,"column":0},"end":{"line":331,"column":3}},"112":{"start":{"line":308,"column":2},"end":{"line":330,"column":3}},"113":{"start":{"line":309,"column":17},"end":{"line":309,"column":55}},"114":{"start":{"line":310,"column":17},"end":{"line":310,"column":32}},"115":{"start":{"line":311,"column":18},"end":{"line":311,"column":43}},"116":{"start":{"line":312,"column":19},"end":{"line":312,"column":111}},"117":{"start":{"line":314,"column":4},"end":{"line":319,"column":5}},"118":{"start":{"line":315,"column":6},"end":{"line":318,"column":9}},"119":{"start":{"line":321,"column":4},"end":{"line":324,"column":7}},"120":{"start":{"line":326,"column":4},"end":{"line":329,"column":7}},"121":{"start":{"line":334,"column":0},"end":{"line":358,"column":3}},"122":{"start":{"line":335,"column":2},"end":{"line":357,"column":3}},"123":{"start":{"line":336,"column":17},"end":{"line":336,"column":55}},"124":{"start":{"line":337,"column":17},"end":{"line":337,"column":32}},"125":{"start":{"line":338,"column":18},"end":{"line":338,"column":43}},"126":{"start":{"line":339,"column":19},"end":{"line":339,"column":110}},"127":{"start":{"line":341,"column":4},"end":{"line":346,"column":5}},"128":{"start":{"line":342,"column":6},"end":{"line":345,"column":9}},"129":{"start":{"line":348,"column":4},"end":{"line":351,"column":7}},"130":{"start":{"line":353,"column":4},"end":{"line":356,"column":7}},"131":{"start":{"line":361,"column":0},"end":{"line":383,"column":3}},"132":{"start":{"line":362,"column":2},"end":{"line":382,"column":3}},"133":{"start":{"line":363,"column":16},"end":{"line":363,"column":39}},"134":{"start":{"line":364,"column":17},"end":{"line":364,"column":32}},"135":{"start":{"line":366,"column":4},"end":{"line":371,"column":5}},"136":{"start":{"line":367,"column":6},"end":{"line":370,"column":9}},"137":{"start":{"line":373,"column":4},"end":{"line":376,"column":7}},"138":{"start":{"line":378,"column":4},"end":{"line":381,"column":7}},"139":{"start":{"line":384,"column":15},"end":{"line":384,"column":21}},"140":{"start":{"line":385,"column":0},"end":{"line":385,"column":30}}},"fnMap":{"0":{"name":"_interopRequireDefault","decl":{"start":{"line":28,"column":9},"end":{"line":28,"column":31}},"loc":{"start":{"line":28,"column":37},"end":{"line":28,"column":97}},"line":28},"1":{"name":"(anonymous_1)","decl":{"start":{"line":38,"column":24},"end":{"line":38,"column":25}},"loc":{"start":{"line":38,"column":44},"end":{"line":80,"column":1}},"line":38},"2":{"name":"(anonymous_2)","decl":{"start":{"line":82,"column":24},"end":{"line":82,"column":25}},"loc":{"start":{"line":82,"column":44},"end":{"line":113,"column":1}},"line":82},"3":{"name":"(anonymous_3)","decl":{"start":{"line":115,"column":31},"end":{"line":115,"column":32}},"loc":{"start":{"line":115,"column":51},"end":{"line":153,"column":1}},"line":115},"4":{"name":"(anonymous_4)","decl":{"start":{"line":155,"column":22},"end":{"line":155,"column":23}},"loc":{"start":{"line":155,"column":42},"end":{"line":164,"column":1}},"line":155},"5":{"name":"(anonymous_5)","decl":{"start":{"line":167,"column":45},"end":{"line":167,"column":46}},"loc":{"start":{"line":167,"column":65},"end":{"line":192,"column":1}},"line":167},"6":{"name":"(anonymous_6)","decl":{"start":{"line":195,"column":39},"end":{"line":195,"column":40}},"loc":{"start":{"line":195,"column":59},"end":{"line":226,"column":1}},"line":195},"7":{"name":"(anonymous_7)","decl":{"start":{"line":229,"column":41},"end":{"line":229,"column":42}},"loc":{"start":{"line":229,"column":61},"end":{"line":254,"column":1}},"line":229},"8":{"name":"(anonymous_8)","decl":{"start":{"line":255,"column":26},"end":{"line":255,"column":27}},"loc":{"start":{"line":255,"column":46},"end":{"line":304,"column":1}},"line":255},"9":{"name":"(anonymous_9)","decl":{"start":{"line":307,"column":50},"end":{"line":307,"column":51}},"loc":{"start":{"line":307,"column":70},"end":{"line":331,"column":1}},"line":307},"10":{"name":"(anonymous_10)","decl":{"start":{"line":334,"column":49},"end":{"line":334,"column":50}},"loc":{"start":{"line":334,"column":69},"end":{"line":358,"column":1}},"line":334},"11":{"name":"(anonymous_11)","decl":{"start":{"line":361,"column":24},"end":{"line":361,"column":25}},"loc":{"start":{"line":361,"column":44},"end":{"line":383,"column":1}},"line":361}},"branchMap":{"0":{"loc":{"start":{"line":28,"column":46},"end":{"line":28,"column":94}},"type":"cond-expr","locations":[{"start":{"line":28,"column":70},"end":{"line":28,"column":73}},{"start":{"line":28,"column":76},"end":{"line":28,"column":94}}],"line":28},"1":{"loc":{"start":{"line":28,"column":46},"end":{"line":28,"column":67}},"type":"binary-expr","locations":[{"start":{"line":28,"column":46},"end":{"line":28,"column":49}},{"start":{"line":28,"column":53},"end":{"line":28,"column":67}}],"line":28},"2":{"loc":{"start":{"line":57,"column":2},"end":{"line":62,"column":3}},"type":"if","locations":[{"start":{"line":57,"column":2},"end":{"line":62,"column":3}},{"start":{"line":57,"column":2},"end":{"line":62,"column":3}}],"line":57},"3":{"loc":{"start":{"line":72,"column":2},"end":{"line":75,"column":5}},"type":"if","locations":[{"start":{"line":72,"column":2},"end":{"line":75,"column":5}},{"start":{"line":72,"column":2},"end":{"line":75,"column":5}}],"line":72},"4":{"loc":{"start":{"line":92,"column":2},"end":{"line":97,"column":3}},"type":"if","locations":[{"start":{"line":92,"column":2},"end":{"line":97,"column":3}},{"start":{"line":92,"column":2},"end":{"line":97,"column":3}}],"line":92},"5":{"loc":{"start":{"line":105,"column":2},"end":{"line":108,"column":5}},"type":"if","locations":[{"start":{"line":105,"column":2},"end":{"line":108,"column":5}},{"start":{"line":105,"column":2},"end":{"line":108,"column":5}}],"line":105},"6":{"loc":{"start":{"line":116,"column":2},"end":{"line":152,"column":3}},"type":"if","locations":[{"start":{"line":116,"column":2},"end":{"line":152,"column":3}},{"start":{"line":116,"column":2},"end":{"line":152,"column":3}}],"line":116},"7":{"loc":{"start":{"line":129,"column":4},"end":{"line":134,"column":5}},"type":"if","locations":[{"start":{"line":129,"column":4},"end":{"line":134,"column":5}},{"start":{"line":129,"column":4},"end":{"line":134,"column":5}}],"line":129},"8":{"loc":{"start":{"line":168,"column":2},"end":{"line":191,"column":3}},"type":"if","locations":[{"start":{"line":168,"column":2},"end":{"line":191,"column":3}},{"start":{"line":168,"column":2},"end":{"line":191,"column":3}}],"line":168},"9":{"loc":{"start":{"line":168,"column":6},"end":{"line":168,"column":79}},"type":"binary-expr","locations":[{"start":{"line":168,"column":6},"end":{"line":168,"column":40}},{"start":{"line":168,"column":44},"end":{"line":168,"column":79}}],"line":168},"10":{"loc":{"start":{"line":175,"column":4},"end":{"line":180,"column":5}},"type":"if","locations":[{"start":{"line":175,"column":4},"end":{"line":180,"column":5}},{"start":{"line":175,"column":4},"end":{"line":180,"column":5}}],"line":175},"11":{"loc":{"start":{"line":196,"column":2},"end":{"line":225,"column":3}},"type":"if","locations":[{"start":{"line":196,"column":2},"end":{"line":225,"column":3}},{"start":{"line":196,"column":2},"end":{"line":225,"column":3}}],"line":196},"12":{"loc":{"start":{"line":197,"column":4},"end":{"line":219,"column":5}},"type":"if","locations":[{"start":{"line":197,"column":4},"end":{"line":219,"column":5}},{"start":{"line":197,"column":4},"end":{"line":219,"column":5}}],"line":197},"13":{"loc":{"start":{"line":197,"column":8},"end":{"line":197,"column":137}},"type":"binary-expr","locations":[{"start":{"line":197,"column":9},"end":{"line":197,"column":50}},{"start":{"line":197,"column":54},"end":{"line":197,"column":97}},{"start":{"line":197,"column":102},"end":{"line":197,"column":137}}],"line":197},"14":{"loc":{"start":{"line":202,"column":6},"end":{"line":207,"column":7}},"type":"if","locations":[{"start":{"line":202,"column":6},"end":{"line":207,"column":7}},{"start":{"line":202,"column":6},"end":{"line":207,"column":7}}],"line":202},"15":{"loc":{"start":{"line":232,"column":2},"end":{"line":253,"column":3}},"type":"if","locations":[{"start":{"line":232,"column":2},"end":{"line":253,"column":3}},{"start":{"line":232,"column":2},"end":{"line":253,"column":3}}],"line":232},"16":{"loc":{"start":{"line":232,"column":6},"end":{"line":232,"column":79}},"type":"binary-expr","locations":[{"start":{"line":232,"column":6},"end":{"line":232,"column":40}},{"start":{"line":232,"column":44},"end":{"line":232,"column":79}}],"line":232},"17":{"loc":{"start":{"line":236,"column":4},"end":{"line":241,"column":5}},"type":"if","locations":[{"start":{"line":236,"column":4},"end":{"line":241,"column":5}},{"start":{"line":236,"column":4},"end":{"line":241,"column":5}}],"line":236},"18":{"loc":{"start":{"line":276,"column":2},"end":{"line":281,"column":3}},"type":"if","locations":[{"start":{"line":276,"column":2},"end":{"line":281,"column":3}},{"start":{"line":276,"column":2},"end":{"line":281,"column":3}}],"line":276},"19":{"loc":{"start":{"line":294,"column":2},"end":{"line":298,"column":3}},"type":"if","locations":[{"start":{"line":294,"column":2},"end":{"line":298,"column":3}},{"start":{"line":294,"column":2},"end":{"line":298,"column":3}}],"line":294},"20":{"loc":{"start":{"line":308,"column":2},"end":{"line":330,"column":3}},"type":"if","locations":[{"start":{"line":308,"column":2},"end":{"line":330,"column":3}},{"start":{"line":308,"column":2},"end":{"line":330,"column":3}}],"line":308},"21":{"loc":{"start":{"line":308,"column":6},"end":{"line":308,"column":121}},"type":"binary-expr","locations":[{"start":{"line":308,"column":7},"end":{"line":308,"column":43}},{"start":{"line":308,"column":47},"end":{"line":308,"column":81}},{"start":{"line":308,"column":86},"end":{"line":308,"column":121}}],"line":308},"22":{"loc":{"start":{"line":314,"column":4},"end":{"line":319,"column":5}},"type":"if","locations":[{"start":{"line":314,"column":4},"end":{"line":319,"column":5}},{"start":{"line":314,"column":4},"end":{"line":319,"column":5}}],"line":314},"23":{"loc":{"start":{"line":335,"column":2},"end":{"line":357,"column":3}},"type":"if","locations":[{"start":{"line":335,"column":2},"end":{"line":357,"column":3}},{"start":{"line":335,"column":2},"end":{"line":357,"column":3}}],"line":335},"24":{"loc":{"start":{"line":335,"column":6},"end":{"line":335,"column":121}},"type":"binary-expr","locations":[{"start":{"line":335,"column":7},"end":{"line":335,"column":43}},{"start":{"line":335,"column":47},"end":{"line":335,"column":81}},{"start":{"line":335,"column":86},"end":{"line":335,"column":121}}],"line":335},"25":{"loc":{"start":{"line":341,"column":4},"end":{"line":346,"column":5}},"type":"if","locations":[{"start":{"line":341,"column":4},"end":{"line":346,"column":5}},{"start":{"line":341,"column":4},"end":{"line":346,"column":5}}],"line":341},"26":{"loc":{"start":{"line":362,"column":2},"end":{"line":382,"column":3}},"type":"if","locations":[{"start":{"line":362,"column":2},"end":{"line":382,"column":3}},{"start":{"line":362,"column":2},"end":{"line":382,"column":3}}],"line":362},"27":{"loc":{"start":{"line":362,"column":6},"end":{"line":362,"column":79}},"type":"binary-expr","locations":[{"start":{"line":362,"column":6},"end":{"line":362,"column":40}},{"start":{"line":362,"column":44},"end":{"line":362,"column":79}}],"line":362},"28":{"loc":{"start":{"line":366,"column":4},"end":{"line":371,"column":5}},"type":"if","locations":[{"start":{"line":366,"column":4},"end":{"line":371,"column":5}},{"start":{"line":366,"column":4},"end":{"line":371,"column":5}}],"line":366}},"s":{"0":1,"1":1,"2":1,"3":1,"4":1,"5":1,"6":1,"7":1,"8":1,"9":1,"10":1,"11":1,"12":9,"13":1,"14":1,"15":1,"16":1,"17":1,"18":8,"19":8,"20":8,"21":7,"22":7,"23":1,"24":1,"25":1,"26":1,"27":1,"28":1,"29":1,"30":0,"31":1,"32":1,"33":9,"34":9,"35":9,"36":2,"37":2,"38":7,"39":7,"40":7,"41":7,"42":0,"43":7,"44":1,"45":4,"46":4,"47":4,"48":4,"49":3,"50":3,"51":1,"52":1,"53":1,"54":1,"55":1,"56":1,"57":1,"58":1,"59":0,"60":1,"61":0,"62":0,"63":0,"64":0,"65":0,"66":1,"67":2,"68":2,"69":2,"70":2,"71":2,"72":1,"73":1,"74":0,"75":1,"76":7,"77":7,"78":7,"79":7,"80":7,"81":7,"82":2,"83":5,"84":0,"85":0,"86":1,"87":2,"88":2,"89":2,"90":2,"91":2,"92":1,"93":1,"94":0,"95":1,"96":5,"97":5,"98":5,"99":4,"100":4,"101":1,"102":1,"103":1,"104":1,"105":1,"106":1,"107":1,"108":1,"109":0,"110":1,"111":1,"112":1,"113":1,"114":1,"115":1,"116":1,"117":1,"118":0,"119":1,"120":0,"121":1,"122":1,"123":1,"124":1,"125":1,"126":1,"127":1,"128":0,"129":1,"130":0,"131":1,"132":1,"133":1,"134":1,"135":1,"136":0,"137":1,"138":0,"139":1,"140":1},"f":{"0":9,"1":8,"2":9,"3":4,"4":0,"5":2,"6":7,"7":2,"8":5,"9":1,"10":1,"11":1},"b":{"0":[5,4],"1":[9,9],"2":[7,1],"3":[0,1],"4":[2,7],"5":[0,7],"6":[4,0],"7":[3,1],"8":[2,0],"9":[2,2],"10":[1,1],"11":[7,0],"12":[7,0],"13":[7,0,7],"14":[2,5],"15":[2,0],"16":[2,2],"17":[1,1],"18":[4,1],"19":[0,1],"20":[1,0],"21":[1,1,1],"22":[0,1],"23":[1,0],"24":[1,1,1],"25":[0,1],"26":[1,0],"27":[1,1],"28":[0,1]},"_coverageSchema":"43e27e138ebf9cfc5966b082cf9a028302ed4184","hash":"4f2929a2f041a8874c2c695dc33a35f84f31833f","contentHash":"4f16b5eac3ee8b5c366d5ed91f92e78a97a7e1eca644ab3fda2a35778f723fe5"},"C:\\Users\\Rock\\Desktop\\UIs\\model\\database.js":{"path":"C:\\Users\\Rock\\Desktop\\UIs\\model\\database.js","statementMap":{"0":{"start":{"line":3,"column":0},"end":{"line":5,"column":3}},"1":{"start":{"line":6,"column":0},"end":{"line":6,"column":50}},"2":{"start":{"line":7,"column":16},"end":{"line":25,"column":2}},"3":{"start":{"line":26,"column":0},"end":{"line":26,"column":30}},"4":{"start":{"line":27,"column":19},"end":{"line":37,"column":2}},"5":{"start":{"line":39,"column":0},"end":{"line":39,"column":36}}},"fnMap":{},"branchMap":{},"s":{"0":1,"1":1,"2":1,"3":1,"4":1,"5":1},"f":{},"b":{},"_coverageSchema":"43e27e138ebf9cfc5966b082cf9a028302ed4184","hash":"b85f491325902becca5b8293f1dce07a32da0a21","contentHash":"74bccecef9effa89a16a16daa54a32fa438840456e118ddf55068b4b325afe48"},"C:\\Users\\Rock\\Desktop\\UIs\\model\\admin.js":{"path":"C:\\Users\\Rock\\Desktop\\UIs\\model\\admin.js","statementMap":{"0":{"start":{"line":3,"column":0},"end":{"line":5,"column":3}},"1":{"start":{"line":6,"column":0},"end":{"line":6,"column":28}},"2":{"start":{"line":8,"column":12},"end":{"line":8,"column":53}},"3":{"start":{"line":10,"column":16},"end":{"line":10,"column":37}},"4":{"start":{"line":12,"column":39},"end":{"line":12,"column":95}},"5":{"start":{"line":14,"column":24},"end":{"line":14,"column":328}},"6":{"start":{"line":14,"column":99},"end":{"line":14,"column":154}},"7":{"start":{"line":14,"column":133},"end":{"line":14,"column":151}},"8":{"start":{"line":14,"column":164},"end":{"line":14,"column":326}},"9":{"start":{"line":14,"column":198},"end":{"line":14,"column":323}},"10":{"start":{"line":14,"column":329},"end":{"line":14,"column":349}},"11":{"start":{"line":16,"column":50},"end":{"line":16,"column":151}},"12":{"start":{"line":16,"column":92},"end":{"line":16,"column":149}},"13":{"start":{"line":18,"column":44},"end":{"line":18,"column":315}},"14":{"start":{"line":18,"column":57},"end":{"line":18,"column":58}},"15":{"start":{"line":18,"column":102},"end":{"line":18,"column":110}},"16":{"start":{"line":18,"column":112},"end":{"line":18,"column":167}},"17":{"start":{"line":18,"column":168},"end":{"line":18,"column":199}},"18":{"start":{"line":18,"column":200},"end":{"line":18,"column":254}},"19":{"start":{"line":18,"column":227},"end":{"line":18,"column":254}},"20":{"start":{"line":18,"column":255},"end":{"line":18,"column":313}},"21":{"start":{"line":20,"column":62},"end":{"line":20,"column":131}},"22":{"start":{"line":20,"column":78},"end":{"line":20,"column":131}},"23":{"start":{"line":20,"column":132},"end":{"line":20,"column":193}},"24":{"start":{"line":20,"column":149},"end":{"line":20,"column":193}},"25":{"start":{"line":20,"column":194},"end":{"line":20,"column":213}},"26":{"start":{"line":22,"column":50},"end":{"line":22,"column":138}},"27":{"start":{"line":22,"column":124},"end":{"line":22,"column":136}},"28":{"start":{"line":22,"column":139},"end":{"line":22,"column":175}},"29":{"start":{"line":24,"column":40},"end":{"line":24,"column":151}},"30":{"start":{"line":24,"column":63},"end":{"line":24,"column":149}},"31":{"start":{"line":24,"column":152},"end":{"line":24,"column":164}},"32":{"start":{"line":26,"column":30},"end":{"line":26,"column":176}},"33":{"start":{"line":26,"column":126},"end":{"line":26,"column":173}},"34":{"start":{"line":26,"column":177},"end":{"line":26,"column":203}},"35":{"start":{"line":28,"column":43},"end":{"line":28,"column":182}},"36":{"start":{"line":28,"column":106},"end":{"line":28,"column":180}},"37":{"start":{"line":28,"column":183},"end":{"line":28,"column":328}},"38":{"start":{"line":28,"column":329},"end":{"line":28,"column":383}},"39":{"start":{"line":28,"column":345},"end":{"line":28,"column":383}},"40":{"start":{"line":30,"column":33},"end":{"line":30,"column":138}},"41":{"start":{"line":30,"column":109},"end":{"line":30,"column":125}},"42":{"start":{"line":30,"column":126},"end":{"line":30,"column":135}},"43":{"start":{"line":30,"column":139},"end":{"line":30,"column":168}},"44":{"start":{"line":34,"column":0},"end":{"line":97,"column":19}},"45":{"start":{"line":35,"column":2},"end":{"line":35,"column":26}},"46":{"start":{"line":38,"column":4},"end":{"line":38,"column":33}},"47":{"start":{"line":40,"column":4},"end":{"line":40,"column":91}},"48":{"start":{"line":43,"column":2},"end":{"line":94,"column":6}},"49":{"start":{"line":48,"column":18},"end":{"line":50,"column":8}},"50":{"start":{"line":49,"column":8},"end":{"line":49,"column":38}},"51":{"start":{"line":52,"column":6},"end":{"line":54,"column":7}},"52":{"start":{"line":53,"column":8},"end":{"line":53,"column":21}},"53":{"start":{"line":57,"column":18},"end":{"line":57,"column":41}},"54":{"start":{"line":58,"column":6},"end":{"line":58,"column":39}},"55":{"start":{"line":64,"column":18},"end":{"line":66,"column":8}},"56":{"start":{"line":65,"column":8},"end":{"line":65,"column":38}},"57":{"start":{"line":67,"column":6},"end":{"line":67,"column":31}},"58":{"start":{"line":67,"column":18},"end":{"line":67,"column":31}},"59":{"start":{"line":69,"column":6},"end":{"line":73,"column":7}},"60":{"start":{"line":70,"column":8},"end":{"line":70,"column":32}},"61":{"start":{"line":71,"column":13},"end":{"line":73,"column":7}},"62":{"start":{"line":72,"column":8},"end":{"line":72,"column":33}},"63":{"start":{"line":75,"column":6},"end":{"line":75,"column":19}},"64":{"start":{"line":81,"column":19},"end":{"line":83,"column":8}},"65":{"start":{"line":82,"column":8},"end":{"line":82,"column":38}},"66":{"start":{"line":84,"column":6},"end":{"line":84,"column":32}},"67":{"start":{"line":84,"column":19},"end":{"line":84,"column":32}},"68":{"start":{"line":85,"column":6},"end":{"line":85,"column":20}},"69":{"start":{"line":91,"column":6},"end":{"line":91,"column":48}},"70":{"start":{"line":91,"column":35},"end":{"line":91,"column":48}},"71":{"start":{"line":92,"column":6},"end":{"line":92,"column":36}},"72":{"start":{"line":96,"column":2},"end":{"line":96,"column":15}},"73":{"start":{"line":101,"column":15},"end":{"line":101,"column":20}},"74":{"start":{"line":102,"column":0},"end":{"line":102,"column":30}}},"fnMap":{"0":{"name":"_interopRequireDefault","decl":{"start":{"line":12,"column":9},"end":{"line":12,"column":31}},"loc":{"start":{"line":12,"column":37},"end":{"line":12,"column":97}},"line":12},"1":{"name":"_typeof","decl":{"start":{"line":14,"column":9},"end":{"line":14,"column":16}},"loc":{"start":{"line":14,"column":22},"end":{"line":14,"column":351}},"line":14},"2":{"name":"_typeof","decl":{"start":{"line":14,"column":118},"end":{"line":14,"column":125}},"loc":{"start":{"line":14,"column":131},"end":{"line":14,"column":153}},"line":14},"3":{"name":"_typeof","decl":{"start":{"line":14,"column":183},"end":{"line":14,"column":190}},"loc":{"start":{"line":14,"column":196},"end":{"line":14,"column":325}},"line":14},"4":{"name":"_classCallCheck","decl":{"start":{"line":16,"column":9},"end":{"line":16,"column":24}},"loc":{"start":{"line":16,"column":48},"end":{"line":16,"column":153}},"line":16},"5":{"name":"_defineProperties","decl":{"start":{"line":18,"column":9},"end":{"line":18,"column":26}},"loc":{"start":{"line":18,"column":42},"end":{"line":18,"column":317}},"line":18},"6":{"name":"_createClass","decl":{"start":{"line":20,"column":9},"end":{"line":20,"column":21}},"loc":{"start":{"line":20,"column":60},"end":{"line":20,"column":215}},"line":20},"7":{"name":"_possibleConstructorReturn","decl":{"start":{"line":22,"column":9},"end":{"line":22,"column":35}},"loc":{"start":{"line":22,"column":48},"end":{"line":22,"column":177}},"line":22},"8":{"name":"_assertThisInitialized","decl":{"start":{"line":24,"column":9},"end":{"line":24,"column":31}},"loc":{"start":{"line":24,"column":38},"end":{"line":24,"column":166}},"line":24},"9":{"name":"_getPrototypeOf","decl":{"start":{"line":26,"column":9},"end":{"line":26,"column":24}},"loc":{"start":{"line":26,"column":28},"end":{"line":26,"column":205}},"line":26},"10":{"name":"_getPrototypeOf","decl":{"start":{"line":26,"column":105},"end":{"line":26,"column":120}},"loc":{"start":{"line":26,"column":124},"end":{"line":26,"column":175}},"line":26},"11":{"name":"_inherits","decl":{"start":{"line":28,"column":9},"end":{"line":28,"column":18}},"loc":{"start":{"line":28,"column":41},"end":{"line":28,"column":385}},"line":28},"12":{"name":"_setPrototypeOf","decl":{"start":{"line":30,"column":9},"end":{"line":30,"column":24}},"loc":{"start":{"line":30,"column":31},"end":{"line":30,"column":170}},"line":30},"13":{"name":"_setPrototypeOf","decl":{"start":{"line":30,"column":85},"end":{"line":30,"column":100}},"loc":{"start":{"line":30,"column":107},"end":{"line":30,"column":137}},"line":30},"14":{"name":"(anonymous_14)","decl":{"start":{"line":34,"column":0},"end":{"line":34,"column":1}},"loc":{"start":{"line":34,"column":17},"end":{"line":97,"column":1}},"line":34},"15":{"name":"Admin","decl":{"start":{"line":37,"column":11},"end":{"line":37,"column":16}},"loc":{"start":{"line":37,"column":19},"end":{"line":41,"column":3}},"line":37},"16":{"name":"deleteAcc","decl":{"start":{"line":46,"column":20},"end":{"line":46,"column":29}},"loc":{"start":{"line":46,"column":45},"end":{"line":59,"column":5}},"line":46},"17":{"name":"(anonymous_17)","decl":{"start":{"line":48,"column":32},"end":{"line":48,"column":33}},"loc":{"start":{"line":48,"column":48},"end":{"line":50,"column":7}},"line":48},"18":{"name":"activateAcc","decl":{"start":{"line":63,"column":20},"end":{"line":63,"column":31}},"loc":{"start":{"line":63,"column":49},"end":{"line":76,"column":5}},"line":63},"19":{"name":"(anonymous_19)","decl":{"start":{"line":64,"column":34},"end":{"line":64,"column":35}},"loc":{"start":{"line":64,"column":50},"end":{"line":66,"column":7}},"line":64},"20":{"name":"findOne","decl":{"start":{"line":80,"column":20},"end":{"line":80,"column":27}},"loc":{"start":{"line":80,"column":43},"end":{"line":86,"column":5}},"line":80},"21":{"name":"(anonymous_21)","decl":{"start":{"line":81,"column":33},"end":{"line":81,"column":34}},"loc":{"start":{"line":81,"column":49},"end":{"line":83,"column":7}},"line":81},"22":{"name":"findAll","decl":{"start":{"line":90,"column":20},"end":{"line":90,"column":27}},"loc":{"start":{"line":90,"column":30},"end":{"line":93,"column":5}},"line":90}},"branchMap":{"0":{"loc":{"start":{"line":12,"column":46},"end":{"line":12,"column":94}},"type":"cond-expr","locations":[{"start":{"line":12,"column":70},"end":{"line":12,"column":73}},{"start":{"line":12,"column":76},"end":{"line":12,"column":94}}],"line":12},"1":{"loc":{"start":{"line":12,"column":46},"end":{"line":12,"column":67}},"type":"binary-expr","locations":[{"start":{"line":12,"column":46},"end":{"line":12,"column":49}},{"start":{"line":12,"column":53},"end":{"line":12,"column":67}}],"line":12},"2":{"loc":{"start":{"line":14,"column":24},"end":{"line":14,"column":328}},"type":"if","locations":[{"start":{"line":14,"column":24},"end":{"line":14,"column":328}},{"start":{"line":14,"column":24},"end":{"line":14,"column":328}}],"line":14},"3":{"loc":{"start":{"line":14,"column":28},"end":{"line":14,"column":95}},"type":"binary-expr","locations":[{"start":{"line":14,"column":28},"end":{"line":14,"column":56}},{"start":{"line":14,"column":60},"end":{"line":14,"column":95}}],"line":14},"4":{"loc":{"start":{"line":14,"column":205},"end":{"line":14,"column":322}},"type":"cond-expr","locations":[{"start":{"line":14,"column":301},"end":{"line":14,"column":309}},{"start":{"line":14,"column":312},"end":{"line":14,"column":322}}],"line":14},"5":{"loc":{"start":{"line":14,"column":205},"end":{"line":14,"column":298}},"type":"binary-expr","locations":[{"start":{"line":14,"column":205},"end":{"line":14,"column":208}},{"start":{"line":14,"column":212},"end":{"line":14,"column":240}},{"start":{"line":14,"column":244},"end":{"line":14,"column":270}},{"start":{"line":14,"column":274},"end":{"line":14,"column":298}}],"line":14},"6":{"loc":{"start":{"line":16,"column":50},"end":{"line":16,"column":151}},"type":"if","locations":[{"start":{"line":16,"column":50},"end":{"line":16,"column":151}},{"start":{"line":16,"column":50},"end":{"line":16,"column":151}}],"line":16},"7":{"loc":{"start":{"line":18,"column":136},"end":{"line":18,"column":166}},"type":"binary-expr","locations":[{"start":{"line":18,"column":136},"end":{"line":18,"column":157}},{"start":{"line":18,"column":161},"end":{"line":18,"column":166}}],"line":18},"8":{"loc":{"start":{"line":18,"column":200},"end":{"line":18,"column":254}},"type":"if","locations":[{"start":{"line":18,"column":200},"end":{"line":18,"column":254}},{"start":{"line":18,"column":200},"end":{"line":18,"column":254}}],"line":18},"9":{"loc":{"start":{"line":20,"column":62},"end":{"line":20,"column":131}},"type":"if","locations":[{"start":{"line":20,"column":62},"end":{"line":20,"column":131}},{"start":{"line":20,"column":62},"end":{"line":20,"column":131}}],"line":20},"10":{"loc":{"start":{"line":20,"column":132},"end":{"line":20,"column":193}},"type":"if","locations":[{"start":{"line":20,"column":132},"end":{"line":20,"column":193}},{"start":{"line":20,"column":132},"end":{"line":20,"column":193}}],"line":20},"11":{"loc":{"start":{"line":22,"column":50},"end":{"line":22,"column":138}},"type":"if","locations":[{"start":{"line":22,"column":50},"end":{"line":22,"column":138}},{"start":{"line":22,"column":50},"end":{"line":22,"column":138}}],"line":22},"12":{"loc":{"start":{"line":22,"column":54},"end":{"line":22,"column":120}},"type":"binary-expr","locations":[{"start":{"line":22,"column":54},"end":{"line":22,"column":58}},{"start":{"line":22,"column":63},"end":{"line":22,"column":89}},{"start":{"line":22,"column":93},"end":{"line":22,"column":119}}],"line":22},"13":{"loc":{"start":{"line":24,"column":40},"end":{"line":24,"column":151}},"type":"if","locations":[{"start":{"line":24,"column":40},"end":{"line":24,"column":151}},{"start":{"line":24,"column":40},"end":{"line":24,"column":151}}],"line":24},"14":{"loc":{"start":{"line":26,"column":48},"end":{"line":26,"column":175}},"type":"cond-expr","locations":[{"start":{"line":26,"column":72},"end":{"line":26,"column":93}},{"start":{"line":26,"column":96},"end":{"line":26,"column":175}}],"line":26},"15":{"loc":{"start":{"line":26,"column":133},"end":{"line":26,"column":172}},"type":"binary-expr","locations":[{"start":{"line":26,"column":133},"end":{"line":26,"column":144}},{"start":{"line":26,"column":148},"end":{"line":26,"column":172}}],"line":26},"16":{"loc":{"start":{"line":28,"column":43},"end":{"line":28,"column":182}},"type":"if","locations":[{"start":{"line":28,"column":43},"end":{"line":28,"column":182}},{"start":{"line":28,"column":43},"end":{"line":28,"column":182}}],"line":28},"17":{"loc":{"start":{"line":28,"column":47},"end":{"line":28,"column":102}},"type":"binary-expr","locations":[{"start":{"line":28,"column":47},"end":{"line":28,"column":79}},{"start":{"line":28,"column":83},"end":{"line":28,"column":102}}],"line":28},"18":{"loc":{"start":{"line":28,"column":218},"end":{"line":28,"column":252}},"type":"binary-expr","locations":[{"start":{"line":28,"column":218},"end":{"line":28,"column":228}},{"start":{"line":28,"column":232},"end":{"line":28,"column":252}}],"line":28},"19":{"loc":{"start":{"line":28,"column":329},"end":{"line":28,"column":383}},"type":"if","locations":[{"start":{"line":28,"column":329},"end":{"line":28,"column":383}},{"start":{"line":28,"column":329},"end":{"line":28,"column":383}}],"line":28},"20":{"loc":{"start":{"line":30,"column":51},"end":{"line":30,"column":137}},"type":"binary-expr","locations":[{"start":{"line":30,"column":51},"end":{"line":30,"column":72}},{"start":{"line":30,"column":76},"end":{"line":30,"column":137}}],"line":30},"21":{"loc":{"start":{"line":52,"column":6},"end":{"line":54,"column":7}},"type":"if","locations":[{"start":{"line":52,"column":6},"end":{"line":54,"column":7}},{"start":{"line":52,"column":6},"end":{"line":54,"column":7}}],"line":52},"22":{"loc":{"start":{"line":67,"column":6},"end":{"line":67,"column":31}},"type":"if","locations":[{"start":{"line":67,"column":6},"end":{"line":67,"column":31}},{"start":{"line":67,"column":6},"end":{"line":67,"column":31}}],"line":67},"23":{"loc":{"start":{"line":69,"column":6},"end":{"line":73,"column":7}},"type":"if","locations":[{"start":{"line":69,"column":6},"end":{"line":73,"column":7}},{"start":{"line":69,"column":6},"end":{"line":73,"column":7}}],"line":69},"24":{"loc":{"start":{"line":71,"column":13},"end":{"line":73,"column":7}},"type":"if","locations":[{"start":{"line":71,"column":13},"end":{"line":73,"column":7}},{"start":{"line":71,"column":13},"end":{"line":73,"column":7}}],"line":71},"25":{"loc":{"start":{"line":84,"column":6},"end":{"line":84,"column":32}},"type":"if","locations":[{"start":{"line":84,"column":6},"end":{"line":84,"column":32}},{"start":{"line":84,"column":6},"end":{"line":84,"column":32}}],"line":84},"26":{"loc":{"start":{"line":91,"column":6},"end":{"line":91,"column":48}},"type":"if","locations":[{"start":{"line":91,"column":6},"end":{"line":91,"column":48}},{"start":{"line":91,"column":6},"end":{"line":91,"column":48}}],"line":91}},"s":{"0":1,"1":1,"2":1,"3":1,"4":1,"5":0,"6":0,"7":0,"8":0,"9":0,"10":0,"11":12,"12":0,"13":1,"14":1,"15":4,"16":4,"17":4,"18":4,"19":4,"20":4,"21":1,"22":1,"23":1,"24":0,"25":1,"26":12,"27":0,"28":12,"29":12,"30":0,"31":12,"32":1,"33":0,"34":1,"35":1,"36":0,"37":1,"38":1,"39":1,"40":1,"41":0,"42":0,"43":1,"44":1,"45":1,"46":12,"47":12,"48":1,"49":2,"50":2,"51":2,"52":1,"53":1,"54":1,"55":2,"56":2,"57":2,"58":1,"59":1,"60":1,"61":0,"62":0,"63":1,"64":7,"65":9,"66":7,"67":2,"68":5,"69":1,"70":0,"71":1,"72":1,"73":1,"74":1},"f":{"0":1,"1":0,"2":0,"3":0,"4":12,"5":1,"6":1,"7":12,"8":12,"9":1,"10":0,"11":1,"12":1,"13":0,"14":1,"15":12,"16":2,"17":2,"18":2,"19":2,"20":7,"21":9,"22":1},"b":{"0":[1,0],"1":[1,1],"2":[0,0],"3":[0,0],"4":[0,0],"5":[0,0,0,0],"6":[0,12],"7":[4,4],"8":[4,0],"9":[1,0],"10":[0,1],"11":[0,12],"12":[12,0,0],"13":[0,12],"14":[1,0],"15":[0,0],"16":[0,1],"17":[1,0],"18":[1,1],"19":[1,0],"20":[1,0],"21":[1,1],"22":[1,1],"23":[1,0],"24":[0,0],"25":[2,5],"26":[0,1]},"_coverageSchema":"43e27e138ebf9cfc5966b082cf9a028302ed4184","hash":"a9121c3aad8778507750b1a5dd557972a0442f86","contentHash":"e44459e4f36137c175063e964c9f5b9c981f8ff0fbcd3d8319dec60fdb1a4651"},"C:\\Users\\Rock\\Desktop\\UIs\\model\\cashier.js":{"path":"C:\\Users\\Rock\\Desktop\\UIs\\model\\cashier.js","statementMap":{"0":{"start":{"line":3,"column":0},"end":{"line":5,"column":3}},"1":{"start":{"line":6,"column":0},"end":{"line":6,"column":28}},"2":{"start":{"line":8,"column":12},"end":{"line":8,"column":53}},"3":{"start":{"line":10,"column":39},"end":{"line":10,"column":95}},"4":{"start":{"line":12,"column":24},"end":{"line":12,"column":328}},"5":{"start":{"line":12,"column":99},"end":{"line":12,"column":154}},"6":{"start":{"line":12,"column":133},"end":{"line":12,"column":151}},"7":{"start":{"line":12,"column":164},"end":{"line":12,"column":326}},"8":{"start":{"line":12,"column":198},"end":{"line":12,"column":323}},"9":{"start":{"line":12,"column":329},"end":{"line":12,"column":349}},"10":{"start":{"line":14,"column":33},"end":{"line":14,"column":464}},"11":{"start":{"line":14,"column":46},"end":{"line":14,"column":47}},"12":{"start":{"line":14,"column":91},"end":{"line":14,"column":131}},"13":{"start":{"line":14,"column":147},"end":{"line":14,"column":166}},"14":{"start":{"line":14,"column":168},"end":{"line":14,"column":382}},"15":{"start":{"line":14,"column":226},"end":{"line":14,"column":380}},"16":{"start":{"line":14,"column":312},"end":{"line":14,"column":375}},"17":{"start":{"line":14,"column":383},"end":{"line":14,"column":462}},"18":{"start":{"line":14,"column":416},"end":{"line":14,"column":458}},"19":{"start":{"line":14,"column":465},"end":{"line":14,"column":479}},"20":{"start":{"line":16,"column":44},"end":{"line":16,"column":195}},"21":{"start":{"line":16,"column":62},"end":{"line":16,"column":166}},"22":{"start":{"line":16,"column":176},"end":{"line":16,"column":193}},"23":{"start":{"line":16,"column":196},"end":{"line":16,"column":207}},"24":{"start":{"line":18,"column":50},"end":{"line":18,"column":151}},"25":{"start":{"line":18,"column":92},"end":{"line":18,"column":149}},"26":{"start":{"line":20,"column":44},"end":{"line":20,"column":315}},"27":{"start":{"line":20,"column":57},"end":{"line":20,"column":58}},"28":{"start":{"line":20,"column":102},"end":{"line":20,"column":110}},"29":{"start":{"line":20,"column":112},"end":{"line":20,"column":167}},"30":{"start":{"line":20,"column":168},"end":{"line":20,"column":199}},"31":{"start":{"line":20,"column":200},"end":{"line":20,"column":254}},"32":{"start":{"line":20,"column":227},"end":{"line":20,"column":254}},"33":{"start":{"line":20,"column":255},"end":{"line":20,"column":313}},"34":{"start":{"line":22,"column":62},"end":{"line":22,"column":131}},"35":{"start":{"line":22,"column":78},"end":{"line":22,"column":131}},"36":{"start":{"line":22,"column":132},"end":{"line":22,"column":193}},"37":{"start":{"line":22,"column":149},"end":{"line":22,"column":193}},"38":{"start":{"line":22,"column":194},"end":{"line":22,"column":213}},"39":{"start":{"line":24,"column":50},"end":{"line":24,"column":138}},"40":{"start":{"line":24,"column":124},"end":{"line":24,"column":136}},"41":{"start":{"line":24,"column":139},"end":{"line":24,"column":175}},"42":{"start":{"line":26,"column":40},"end":{"line":26,"column":151}},"43":{"start":{"line":26,"column":63},"end":{"line":26,"column":149}},"44":{"start":{"line":26,"column":152},"end":{"line":26,"column":164}},"45":{"start":{"line":28,"column":30},"end":{"line":28,"column":176}},"46":{"start":{"line":28,"column":126},"end":{"line":28,"column":173}},"47":{"start":{"line":28,"column":177},"end":{"line":28,"column":203}},"48":{"start":{"line":30,"column":43},"end":{"line":30,"column":182}},"49":{"start":{"line":30,"column":106},"end":{"line":30,"column":180}},"50":{"start":{"line":30,"column":183},"end":{"line":30,"column":328}},"51":{"start":{"line":30,"column":329},"end":{"line":30,"column":383}},"52":{"start":{"line":30,"column":345},"end":{"line":30,"column":383}},"53":{"start":{"line":32,"column":33},"end":{"line":32,"column":138}},"54":{"start":{"line":32,"column":109},"end":{"line":32,"column":125}},"55":{"start":{"line":32,"column":126},"end":{"line":32,"column":135}},"56":{"start":{"line":32,"column":139},"end":{"line":32,"column":168}},"57":{"start":{"line":38,"column":0},"end":{"line":87,"column":19}},"58":{"start":{"line":39,"column":2},"end":{"line":39,"column":28}},"59":{"start":{"line":42,"column":4},"end":{"line":42,"column":35}},"60":{"start":{"line":44,"column":4},"end":{"line":44,"column":93}},"61":{"start":{"line":47,"column":2},"end":{"line":84,"column":6}},"62":{"start":{"line":51,"column":18},"end":{"line":53,"column":8}},"63":{"start":{"line":52,"column":8},"end":{"line":52,"column":40}},"64":{"start":{"line":55,"column":6},"end":{"line":55,"column":31}},"65":{"start":{"line":55,"column":18},"end":{"line":55,"column":31}},"66":{"start":{"line":57,"column":6},"end":{"line":61,"column":7}},"67":{"start":{"line":58,"column":8},"end":{"line":58,"column":38}},"68":{"start":{"line":60,"column":8},"end":{"line":60,"column":32}},"69":{"start":{"line":63,"column":6},"end":{"line":67,"column":9}},"70":{"start":{"line":73,"column":18},"end":{"line":75,"column":8}},"71":{"start":{"line":74,"column":8},"end":{"line":74,"column":40}},"72":{"start":{"line":76,"column":6},"end":{"line":76,"column":31}},"73":{"start":{"line":76,"column":18},"end":{"line":76,"column":31}},"74":{"start":{"line":77,"column":6},"end":{"line":77,"column":30}},"75":{"start":{"line":78,"column":6},"end":{"line":82,"column":9}},"76":{"start":{"line":86,"column":2},"end":{"line":86,"column":17}},"77":{"start":{"line":90,"column":15},"end":{"line":90,"column":22}},"78":{"start":{"line":91,"column":0},"end":{"line":91,"column":30}}},"fnMap":{"0":{"name":"_interopRequireDefault","decl":{"start":{"line":10,"column":9},"end":{"line":10,"column":31}},"loc":{"start":{"line":10,"column":37},"end":{"line":10,"column":97}},"line":10},"1":{"name":"_typeof","decl":{"start":{"line":12,"column":9},"end":{"line":12,"column":16}},"loc":{"start":{"line":12,"column":22},"end":{"line":12,"column":351}},"line":12},"2":{"name":"_typeof","decl":{"start":{"line":12,"column":118},"end":{"line":12,"column":125}},"loc":{"start":{"line":12,"column":131},"end":{"line":12,"column":153}},"line":12},"3":{"name":"_typeof","decl":{"start":{"line":12,"column":183},"end":{"line":12,"column":190}},"loc":{"start":{"line":12,"column":196},"end":{"line":12,"column":325}},"line":12},"4":{"name":"_objectSpread","decl":{"start":{"line":14,"column":9},"end":{"line":14,"column":22}},"loc":{"start":{"line":14,"column":31},"end":{"line":14,"column":481}},"line":14},"5":{"name":"(anonymous_5)","decl":{"start":{"line":14,"column":295},"end":{"line":14,"column":296}},"loc":{"start":{"line":14,"column":310},"end":{"line":14,"column":377}},"line":14},"6":{"name":"(anonymous_6)","decl":{"start":{"line":14,"column":399},"end":{"line":14,"column":400}},"loc":{"start":{"line":14,"column":414},"end":{"line":14,"column":460}},"line":14},"7":{"name":"_defineProperty","decl":{"start":{"line":16,"column":9},"end":{"line":16,"column":24}},"loc":{"start":{"line":16,"column":42},"end":{"line":16,"column":209}},"line":16},"8":{"name":"_classCallCheck","decl":{"start":{"line":18,"column":9},"end":{"line":18,"column":24}},"loc":{"start":{"line":18,"column":48},"end":{"line":18,"column":153}},"line":18},"9":{"name":"_defineProperties","decl":{"start":{"line":20,"column":9},"end":{"line":20,"column":26}},"loc":{"start":{"line":20,"column":42},"end":{"line":20,"column":317}},"line":20},"10":{"name":"_createClass","decl":{"start":{"line":22,"column":9},"end":{"line":22,"column":21}},"loc":{"start":{"line":22,"column":60},"end":{"line":22,"column":215}},"line":22},"11":{"name":"_possibleConstructorReturn","decl":{"start":{"line":24,"column":9},"end":{"line":24,"column":35}},"loc":{"start":{"line":24,"column":48},"end":{"line":24,"column":177}},"line":24},"12":{"name":"_assertThisInitialized","decl":{"start":{"line":26,"column":9},"end":{"line":26,"column":31}},"loc":{"start":{"line":26,"column":38},"end":{"line":26,"column":166}},"line":26},"13":{"name":"_getPrototypeOf","decl":{"start":{"line":28,"column":9},"end":{"line":28,"column":24}},"loc":{"start":{"line":28,"column":28},"end":{"line":28,"column":205}},"line":28},"14":{"name":"_getPrototypeOf","decl":{"start":{"line":28,"column":105},"end":{"line":28,"column":120}},"loc":{"start":{"line":28,"column":124},"end":{"line":28,"column":175}},"line":28},"15":{"name":"_inherits","decl":{"start":{"line":30,"column":9},"end":{"line":30,"column":18}},"loc":{"start":{"line":30,"column":41},"end":{"line":30,"column":385}},"line":30},"16":{"name":"_setPrototypeOf","decl":{"start":{"line":32,"column":9},"end":{"line":32,"column":24}},"loc":{"start":{"line":32,"column":31},"end":{"line":32,"column":170}},"line":32},"17":{"name":"_setPrototypeOf","decl":{"start":{"line":32,"column":85},"end":{"line":32,"column":100}},"loc":{"start":{"line":32,"column":107},"end":{"line":32,"column":137}},"line":32},"18":{"name":"(anonymous_18)","decl":{"start":{"line":38,"column":0},"end":{"line":38,"column":1}},"loc":{"start":{"line":38,"column":17},"end":{"line":87,"column":1}},"line":38},"19":{"name":"Cashier","decl":{"start":{"line":41,"column":11},"end":{"line":41,"column":18}},"loc":{"start":{"line":41,"column":21},"end":{"line":45,"column":3}},"line":41},"20":{"name":"debit","decl":{"start":{"line":50,"column":20},"end":{"line":50,"column":25}},"loc":{"start":{"line":50,"column":60},"end":{"line":68,"column":5}},"line":50},"21":{"name":"(anonymous_21)","decl":{"start":{"line":51,"column":31},"end":{"line":51,"column":32}},"loc":{"start":{"line":51,"column":46},"end":{"line":53,"column":7}},"line":51},"22":{"name":"credit","decl":{"start":{"line":72,"column":20},"end":{"line":72,"column":26}},"loc":{"start":{"line":72,"column":61},"end":{"line":83,"column":5}},"line":72},"23":{"name":"(anonymous_23)","decl":{"start":{"line":73,"column":31},"end":{"line":73,"column":32}},"loc":{"start":{"line":73,"column":46},"end":{"line":75,"column":7}},"line":73}},"branchMap":{"0":{"loc":{"start":{"line":10,"column":46},"end":{"line":10,"column":94}},"type":"cond-expr","locations":[{"start":{"line":10,"column":70},"end":{"line":10,"column":73}},{"start":{"line":10,"column":76},"end":{"line":10,"column":94}}],"line":10},"1":{"loc":{"start":{"line":10,"column":46},"end":{"line":10,"column":67}},"type":"binary-expr","locations":[{"start":{"line":10,"column":46},"end":{"line":10,"column":49}},{"start":{"line":10,"column":53},"end":{"line":10,"column":67}}],"line":10},"2":{"loc":{"start":{"line":12,"column":24},"end":{"line":12,"column":328}},"type":"if","locations":[{"start":{"line":12,"column":24},"end":{"line":12,"column":328}},{"start":{"line":12,"column":24},"end":{"line":12,"column":328}}],"line":12},"3":{"loc":{"start":{"line":12,"column":28},"end":{"line":12,"column":95}},"type":"binary-expr","locations":[{"start":{"line":12,"column":28},"end":{"line":12,"column":56}},{"start":{"line":12,"column":60},"end":{"line":12,"column":95}}],"line":12},"4":{"loc":{"start":{"line":12,"column":205},"end":{"line":12,"column":322}},"type":"cond-expr","locations":[{"start":{"line":12,"column":301},"end":{"line":12,"column":309}},{"start":{"line":12,"column":312},"end":{"line":12,"column":322}}],"line":12},"5":{"loc":{"start":{"line":12,"column":205},"end":{"line":12,"column":298}},"type":"binary-expr","locations":[{"start":{"line":12,"column":205},"end":{"line":12,"column":208}},{"start":{"line":12,"column":212},"end":{"line":12,"column":240}},{"start":{"line":12,"column":244},"end":{"line":12,"column":270}},{"start":{"line":12,"column":274},"end":{"line":12,"column":298}}],"line":12},"6":{"loc":{"start":{"line":14,"column":91},"end":{"line":14,"column":131}},"type":"cond-expr","locations":[{"start":{"line":14,"column":114},"end":{"line":14,"column":126}},{"start":{"line":14,"column":129},"end":{"line":14,"column":131}}],"line":14},"7":{"loc":{"start":{"line":14,"column":168},"end":{"line":14,"column":382}},"type":"if","locations":[{"start":{"line":14,"column":168},"end":{"line":14,"column":382}},{"start":{"line":14,"column":168},"end":{"line":14,"column":382}}],"line":14},"8":{"loc":{"start":{"line":16,"column":44},"end":{"line":16,"column":195}},"type":"if","locations":[{"start":{"line":16,"column":44},"end":{"line":16,"column":195}},{"start":{"line":16,"column":44},"end":{"line":16,"column":195}}],"line":16},"9":{"loc":{"start":{"line":18,"column":50},"end":{"line":18,"column":151}},"type":"if","locations":[{"start":{"line":18,"column":50},"end":{"line":18,"column":151}},{"start":{"line":18,"column":50},"end":{"line":18,"column":151}}],"line":18},"10":{"loc":{"start":{"line":20,"column":136},"end":{"line":20,"column":166}},"type":"binary-expr","locations":[{"start":{"line":20,"column":136},"end":{"line":20,"column":157}},{"start":{"line":20,"column":161},"end":{"line":20,"column":166}}],"line":20},"11":{"loc":{"start":{"line":20,"column":200},"end":{"line":20,"column":254}},"type":"if","locations":[{"start":{"line":20,"column":200},"end":{"line":20,"column":254}},{"start":{"line":20,"column":200},"end":{"line":20,"column":254}}],"line":20},"12":{"loc":{"start":{"line":22,"column":62},"end":{"line":22,"column":131}},"type":"if","locations":[{"start":{"line":22,"column":62},"end":{"line":22,"column":131}},{"start":{"line":22,"column":62},"end":{"line":22,"column":131}}],"line":22},"13":{"loc":{"start":{"line":22,"column":132},"end":{"line":22,"column":193}},"type":"if","locations":[{"start":{"line":22,"column":132},"end":{"line":22,"column":193}},{"start":{"line":22,"column":132},"end":{"line":22,"column":193}}],"line":22},"14":{"loc":{"start":{"line":24,"column":50},"end":{"line":24,"column":138}},"type":"if","locations":[{"start":{"line":24,"column":50},"end":{"line":24,"column":138}},{"start":{"line":24,"column":50},"end":{"line":24,"column":138}}],"line":24},"15":{"loc":{"start":{"line":24,"column":54},"end":{"line":24,"column":120}},"type":"binary-expr","locations":[{"start":{"line":24,"column":54},"end":{"line":24,"column":58}},{"start":{"line":24,"column":63},"end":{"line":24,"column":89}},{"start":{"line":24,"column":93},"end":{"line":24,"column":119}}],"line":24},"16":{"loc":{"start":{"line":26,"column":40},"end":{"line":26,"column":151}},"type":"if","locations":[{"start":{"line":26,"column":40},"end":{"line":26,"column":151}},{"start":{"line":26,"column":40},"end":{"line":26,"column":151}}],"line":26},"17":{"loc":{"start":{"line":28,"column":48},"end":{"line":28,"column":175}},"type":"cond-expr","locations":[{"start":{"line":28,"column":72},"end":{"line":28,"column":93}},{"start":{"line":28,"column":96},"end":{"line":28,"column":175}}],"line":28},"18":{"loc":{"start":{"line":28,"column":133},"end":{"line":28,"column":172}},"type":"binary-expr","locations":[{"start":{"line":28,"column":133},"end":{"line":28,"column":144}},{"start":{"line":28,"column":148},"end":{"line":28,"column":172}}],"line":28},"19":{"loc":{"start":{"line":30,"column":43},"end":{"line":30,"column":182}},"type":"if","locations":[{"start":{"line":30,"column":43},"end":{"line":30,"column":182}},{"start":{"line":30,"column":43},"end":{"line":30,"column":182}}],"line":30},"20":{"loc":{"start":{"line":30,"column":47},"end":{"line":30,"column":102}},"type":"binary-expr","locations":[{"start":{"line":30,"column":47},"end":{"line":30,"column":79}},{"start":{"line":30,"column":83},"end":{"line":30,"column":102}}],"line":30},"21":{"loc":{"start":{"line":30,"column":218},"end":{"line":30,"column":252}},"type":"binary-expr","locations":[{"start":{"line":30,"column":218},"end":{"line":30,"column":228}},{"start":{"line":30,"column":232},"end":{"line":30,"column":252}}],"line":30},"22":{"loc":{"start":{"line":30,"column":329},"end":{"line":30,"column":383}},"type":"if","locations":[{"start":{"line":30,"column":329},"end":{"line":30,"column":383}},{"start":{"line":30,"column":329},"end":{"line":30,"column":383}}],"line":30},"23":{"loc":{"start":{"line":32,"column":51},"end":{"line":32,"column":137}},"type":"binary-expr","locations":[{"start":{"line":32,"column":51},"end":{"line":32,"column":72}},{"start":{"line":32,"column":76},"end":{"line":32,"column":137}}],"line":32},"24":{"loc":{"start":{"line":55,"column":6},"end":{"line":55,"column":31}},"type":"if","locations":[{"start":{"line":55,"column":6},"end":{"line":55,"column":31}},{"start":{"line":55,"column":6},"end":{"line":55,"column":31}}],"line":55},"25":{"loc":{"start":{"line":57,"column":6},"end":{"line":61,"column":7}},"type":"if","locations":[{"start":{"line":57,"column":6},"end":{"line":61,"column":7}},{"start":{"line":57,"column":6},"end":{"line":61,"column":7}}],"line":57},"26":{"loc":{"start":{"line":76,"column":6},"end":{"line":76,"column":31}},"type":"if","locations":[{"start":{"line":76,"column":6},"end":{"line":76,"column":31}},{"start":{"line":76,"column":6},"end":{"line":76,"column":31}}],"line":76}},"s":{"0":1,"1":1,"2":1,"3":1,"4":0,"5":0,"6":0,"7":0,"8":0,"9":0,"10":2,"11":2,"12":4,"13":4,"14":4,"15":4,"16":0,"17":4,"18":24,"19":2,"20":24,"21":0,"22":24,"23":24,"24":2,"25":0,"26":1,"27":1,"28":2,"29":2,"30":2,"31":2,"32":2,"33":2,"34":1,"35":1,"36":1,"37":0,"38":1,"39":2,"40":0,"41":2,"42":2,"43":0,"44":2,"45":1,"46":0,"47":1,"48":1,"49":0,"50":1,"51":1,"52":1,"53":1,"54":0,"55":0,"56":1,"57":1,"58":1,"59":2,"60":2,"61":1,"62":1,"63":1,"64":1,"65":0,"66":1,"67":0,"68":1,"69":1,"70":1,"71":1,"72":1,"73":0,"74":1,"75":1,"76":1,"77":1,"78":1},"f":{"0":1,"1":0,"2":0,"3":0,"4":2,"5":0,"6":24,"7":24,"8":2,"9":1,"10":1,"11":2,"12":2,"13":1,"14":0,"15":1,"16":1,"17":0,"18":1,"19":2,"20":1,"21":1,"22":1,"23":1},"b":{"0":[1,0],"1":[1,1],"2":[0,0],"3":[0,0],"4":[0,0],"5":[0,0,0,0],"6":[4,0],"7":[4,0],"8":[0,24],"9":[0,2],"10":[2,2],"11":[2,0],"12":[1,0],"13":[0,1],"14":[0,2],"15":[2,0,0],"16":[0,2],"17":[1,0],"18":[0,0],"19":[0,1],"20":[1,0],"21":[1,1],"22":[1,0],"23":[1,0],"24":[0,1],"25":[0,1],"26":[0,1]},"_coverageSchema":"43e27e138ebf9cfc5966b082cf9a028302ed4184","hash":"5901e983223d2f10ddc4c2b852af8ea7bc82e36e","contentHash":"565cd45a820d473a9e28d1f945bbf62ffa5013cf2b2780c2b8c46750fb00ea57"},"C:\\Users\\Rock\\Desktop\\UIs\\models\\Model.js":{"path":"C:\\Users\\Rock\\Desktop\\UIs\\models\\Model.js","statementMap":{"0":{"start":{"line":3,"column":0},"end":{"line":5,"column":3}},"1":{"start":{"line":6,"column":0},"end":{"line":6,"column":28}},"2":{"start":{"line":8,"column":18},"end":{"line":8,"column":73}},"3":{"start":{"line":10,"column":39},"end":{"line":10,"column":95}},"4":{"start":{"line":12,"column":34},"end":{"line":12,"column":117}},"5":{"start":{"line":14,"column":30},"end":{"line":14,"column":106}},"6":{"start":{"line":16,"column":52},"end":{"line":16,"column":54}},"7":{"start":{"line":16,"column":65},"end":{"line":16,"column":69}},"8":{"start":{"line":16,"column":80},"end":{"line":16,"column":85}},"9":{"start":{"line":16,"column":96},"end":{"line":16,"column":105}},"10":{"start":{"line":16,"column":107},"end":{"line":16,"column":394}},"11":{"start":{"line":16,"column":113},"end":{"line":16,"column":256}},"12":{"start":{"line":16,"column":127},"end":{"line":16,"column":149}},"13":{"start":{"line":16,"column":199},"end":{"line":16,"column":219}},"14":{"start":{"line":16,"column":220},"end":{"line":16,"column":254}},"15":{"start":{"line":16,"column":248},"end":{"line":16,"column":254}},"16":{"start":{"line":16,"column":273},"end":{"line":16,"column":283}},"17":{"start":{"line":16,"column":284},"end":{"line":16,"column":293}},"18":{"start":{"line":16,"column":306},"end":{"line":16,"column":392}},"19":{"start":{"line":16,"column":312},"end":{"line":16,"column":360}},"20":{"start":{"line":16,"column":345},"end":{"line":16,"column":360}},"21":{"start":{"line":16,"column":373},"end":{"line":16,"column":390}},"22":{"start":{"line":16,"column":381},"end":{"line":16,"column":390}},"23":{"start":{"line":16,"column":395},"end":{"line":16,"column":407}},"24":{"start":{"line":18,"column":32},"end":{"line":18,"column":67}},"25":{"start":{"line":18,"column":56},"end":{"line":18,"column":67}},"26":{"start":{"line":20,"column":77},"end":{"line":20,"column":175}},"27":{"start":{"line":20,"column":94},"end":{"line":20,"column":107}},"28":{"start":{"line":20,"column":121},"end":{"line":20,"column":131}},"29":{"start":{"line":20,"column":151},"end":{"line":20,"column":165}},"30":{"start":{"line":20,"column":166},"end":{"line":20,"column":173}},"31":{"start":{"line":20,"column":176},"end":{"line":20,"column":263}},"32":{"start":{"line":20,"column":193},"end":{"line":20,"column":208}},"33":{"start":{"line":20,"column":218},"end":{"line":20,"column":261}},"34":{"start":{"line":22,"column":33},"end":{"line":22,"column":387}},"35":{"start":{"line":22,"column":65},"end":{"line":22,"column":69}},"36":{"start":{"line":22,"column":78},"end":{"line":22,"column":87}},"37":{"start":{"line":22,"column":89},"end":{"line":22,"column":384}},"38":{"start":{"line":22,"column":147},"end":{"line":22,"column":167}},"39":{"start":{"line":22,"column":193},"end":{"line":22,"column":264}},"40":{"start":{"line":22,"column":290},"end":{"line":22,"column":360}},"41":{"start":{"line":22,"column":363},"end":{"line":22,"column":380}},"42":{"start":{"line":24,"column":50},"end":{"line":24,"column":151}},"43":{"start":{"line":24,"column":92},"end":{"line":24,"column":149}},"44":{"start":{"line":26,"column":44},"end":{"line":26,"column":315}},"45":{"start":{"line":26,"column":57},"end":{"line":26,"column":58}},"46":{"start":{"line":26,"column":102},"end":{"line":26,"column":110}},"47":{"start":{"line":26,"column":112},"end":{"line":26,"column":167}},"48":{"start":{"line":26,"column":168},"end":{"line":26,"column":199}},"49":{"start":{"line":26,"column":200},"end":{"line":26,"column":254}},"50":{"start":{"line":26,"column":227},"end":{"line":26,"column":254}},"51":{"start":{"line":26,"column":255},"end":{"line":26,"column":313}},"52":{"start":{"line":28,"column":62},"end":{"line":28,"column":131}},"53":{"start":{"line":28,"column":78},"end":{"line":28,"column":131}},"54":{"start":{"line":28,"column":132},"end":{"line":28,"column":193}},"55":{"start":{"line":28,"column":149},"end":{"line":28,"column":193}},"56":{"start":{"line":28,"column":194},"end":{"line":28,"column":213}},"57":{"start":{"line":30,"column":11},"end":{"line":30,"column":47}},"58":{"start":{"line":34,"column":0},"end":{"line":257,"column":3}},"59":{"start":{"line":36,"column":4},"end":{"line":36,"column":33}},"60":{"start":{"line":39,"column":4},"end":{"line":39,"column":24}},"61":{"start":{"line":42,"column":2},"end":{"line":254,"column":6}},"62":{"start":{"line":45,"column":22},"end":{"line":69,"column":9}},"63":{"start":{"line":49,"column":8},"end":{"line":68,"column":26}},"64":{"start":{"line":50,"column":10},"end":{"line":67,"column":11}},"65":{"start":{"line":51,"column":12},"end":{"line":66,"column":13}},"66":{"start":{"line":53,"column":16},"end":{"line":53,"column":35}},"67":{"start":{"line":54,"column":16},"end":{"line":54,"column":29}},"68":{"start":{"line":55,"column":16},"end":{"line":55,"column":105}},"69":{"start":{"line":56,"column":16},"end":{"line":56,"column":34}},"70":{"start":{"line":57,"column":16},"end":{"line":57,"column":28}},"71":{"start":{"line":60,"column":16},"end":{"line":60,"column":39}},"72":{"start":{"line":61,"column":16},"end":{"line":61,"column":95}},"73":{"start":{"line":65,"column":16},"end":{"line":65,"column":39}},"74":{"start":{"line":72,"column":8},"end":{"line":72,"column":48}},"75":{"start":{"line":75,"column":6},"end":{"line":75,"column":22}},"76":{"start":{"line":80,"column":21},"end":{"line":103,"column":9}},"77":{"start":{"line":84,"column":8},"end":{"line":102,"column":27}},"78":{"start":{"line":85,"column":10},"end":{"line":101,"column":11}},"79":{"start":{"line":86,"column":12},"end":{"line":100,"column":13}},"80":{"start":{"line":88,"column":16},"end":{"line":88,"column":35}},"81":{"start":{"line":89,"col
[...]
"48":{"start":{"line":102,"column":6},"end":{"line":102,"column":39}},"49":{"start":{"line":103,"column":6},"end":{"line":103,"column":37}},"50":{"start":{"line":104,"column":6},"end":{"line":104,"column":46}},"51":{"start":{"line":105,"column":6},"end":{"line":105,"column":44}},"52":{"start":{"line":106,"column":6},"end":{"line":106,"column":47}},"53":{"start":{"line":107,"column":6},"end":{"line":107,"column":50}},"54":{"start":{"line":108,"column":6},"end":{"line":108,"column":50}},"55":{"start":{"line":109,"column":6},"end":{"line":109,"column":49}},"56":{"start":{"line":110,"column":6},"end":{"line":110,"column":49}},"57":{"start":{"line":111,"column":6},"end":{"line":111,"column":52}},"58":{"start":{"line":112,"column":6},"end":{"line":112,"column":51}},"59":{"start":{"line":113,"column":6},"end":{"line":113,"column":54}},"60":{"start":{"line":114,"column":6},"end":{"line":114,"column":51}},"61":{"start":{"line":115,"column":6},"end":{"line":115,"column":13}}},"fnMap":{"0":{"name":"_interopRequireDefault","decl":{"start":{"line":9,"column":9},"end":{"line":9,"column":31}},"loc":{"start":{"line":9,"column":37},"end":{"line":9,"column":97}},"line":9},"1":{"name":"(anonymous_1)","decl":{"start":{"line":17,"column":48},"end":{"line":17,"column":49}},"loc":{"start":{"line":17,"column":60},"end":{"line":118,"column":1}},"line":17},"2":{"name":"(anonymous_2)","decl":{"start":{"line":18,"column":50},"end":{"line":18,"column":51}},"loc":{"start":{"line":18,"column":66},"end":{"line":40,"column":3}},"line":18},"3":{"name":"(anonymous_3)","decl":{"start":{"line":24,"column":87},"end":{"line":24,"column":88}},"loc":{"start":{"line":24,"column":107},"end":{"line":39,"column":5}},"line":24},"4":{"name":"(anonymous_4)","decl":{"start":{"line":41,"column":72},"end":{"line":41,"column":73}},"loc":{"start":{"line":41,"column":88},"end":{"line":57,"column":3}},"line":41},"5":{"name":"(anonymous_5)","decl":{"start":{"line":50,"column":94},"end":{"line":50,"column":95}},"loc":{"start":{"line":50,"column":114},"end":{"line":56,"column":5}},"line":50},"6":{"name":"(anonymous_6)","decl":{"start":{"line":58,"column":69},"end":{"line":58,"column":70}},"loc":{"start":{"line":58,"column":85},"end":{"line":74,"column":3}},"line":58},"7":{"name":"(anonymous_7)","decl":{"start":{"line":67,"column":94},"end":{"line":67,"column":95}},"loc":{"start":{"line":67,"column":114},"end":{"line":73,"column":5}},"line":67},"8":{"name":"(anonymous_8)","decl":{"start":{"line":75,"column":76},"end":{"line":75,"column":77}},"loc":{"start":{"line":75,"column":92},"end":{"line":91,"column":3}},"line":75},"9":{"name":"(anonymous_9)","decl":{"start":{"line":84,"column":94},"end":{"line":84,"column":95}},"loc":{"start":{"line":84,"column":114},"end":{"line":90,"column":5}},"line":84},"10":{"name":"(anonymous_10)","decl":{"start":{"line":92,"column":62},"end":{"line":92,"column":63}},"loc":{"start":{"line":92,"column":78},"end":{"line":117,"column":3}},"line":92},"11":{"name":"(anonymous_11)","decl":{"start":{"line":101,"column":94},"end":{"line":101,"column":95}},"loc":{"start":{"line":101,"column":114},"end":{"line":116,"column":5}},"line":101}},"branchMap":{"0":{"loc":{"start":{"line":9,"column":46},"end":{"line":9,"column":94}},"type":"cond-expr","locations":[{"start":{"line":9,"column":70},"end":{"line":9,"column":73}},{"start":{"line":9,"column":76},"end":{"line":9,"column":94}}],"line":9},"1":{"loc":{"start":{"line":9,"column":46},"end":{"line":9,"column":67}},"type":"binary-expr","locations":[{"start":{"line":9,"column":46},"end":{"line":9,"column":49}},{"start":{"line":9,"column":53},"end":{"line":9,"column":67}}],"line":9}},"s":{"0":1,"1":1,"2":1,"3":3,"4":1,"5":1,"6":1,"7":1,"8":1,"9":1,"10":1,"11":1,"12":1,"13":1,"14":1,"15":1,"16":1,"17":1,"18":1,"19":1,"20":1,"21":1,"22":1,"23":1,"24":1,"25":1,"26":1,"27":1,"28":1,"29":1,"30":1,"31":1,"32":1,"33":1,"34":1,"35":1,"36":1,"37":1,"38":1,"39":1,"40":1,"41":1,"42":1,"43":1,"44":1,"45":1,"46":1,"47":1,"48":1,"49":1,"50":1,"51":1,"52":1,"53":1,"54":1,"55":1,"56":1,"57":1,"58":1,"59":1,"60":1,"61":1},"f":{"0":3,"1":1,"2":1,"3":1,"4":1,"5":1,"6":1,"7":1,"8":1,"9":1,"10":1,"11":1},"b":{"0":[1,2],"1":[3,3]},"_coverageSchema":"43e27e138ebf9cfc5966b082cf9a028302ed4184","hash":"6286308fbe816cd3489fe903719406b1e2139f3b","contentHash":"8710ca632ff044bb612c3f9abc94d0e47d238c706841afc8a27604386fac5f6e"},"C:\\Users\\Rock\\Desktop\\UIs\\tests\\credit-account.js":{"path":"C:\\Users\\Rock\\Desktop\\UIs\\tests\\credit-account.js","statementMap":{"0":{"start":{"line":3,"column":12},"end":{"line":3,"column":51}},"1":{"start":{"line":5,"column":16},"end":{"line":5,"column":60}},"2":{"start":{"line":7,"column":13},"end":{"line":7,"column":56}},"3":{"start":{"line":9,"column":39},"end":{"line":9,"column":95}},"4":{"start":{"line":12,"column":0},"end":{"line":12,"column":26}},"5":{"start":{"line":14,"column":0},"end":{"line":14,"column":43}},"6":{"start":{"line":16,"column":0},"end":{"line":75,"column":3}},"7":{"start":{"line":17,"column":2},"end":{"line":39,"column":5}},"8":{"start":{"line":18,"column":15},"end":{"line":21,"column":5}},"9":{"start":{"line":23,"column":4},"end":{"line":38,"column":7}},"10":{"start":{"line":24,"column":6},"end":{"line":24,"column":39}},"11":{"start":{"line":25,"column":6},"end":{"line":25,"column":37}},"12":{"start":{"line":26,"column":6},"end":{"line":26,"column":44}},"13":{"start":{"line":27,"column":6},"end":{"line":27,"column":47}},"14":{"start":{"line":28,"column":6},"end":{"line":28,"column":50}},"15":{"start":{"line":29,"column":6},"end":{"line":29,"column":50}},"16":{"start":{"line":30,"column":6},"end":{"line":30,"column":50}},"17":{"start":{"line":31,"column":6},"end":{"line":31,"column":49}},"18":{"start":{"line":32,"column":6},"end":{"line":32,"column":52}},"19":{"start":{"line":33,"column":6},"end":{"line":33,"column":55}},"20":{"start":{"line":34,"column":6},"end":{"line":34,"column":49}},"21":{"start":{"line":35,"column":6},"end":{"line":35,"column":53}},"22":{"start":{"line":36,"column":6},"end":{"line":36,"column":46}},"23":{"start":{"line":37,"column":6},"end":{"line":37,"column":13}},"24":{"start":{"line":40,"column":2},"end":{"line":55,"column":5}},"25":{"start":{"line":41,"column":24},"end":{"line":41,"column":31}},"26":{"start":{"line":43,"column":4},"end":{"line":54,"column":7}},"27":{"start":{"line":44,"column":6},"end":{"line":44,"column":39}},"28":{"start":{"line":45,"column":6},"end":{"line":45,"column":37}},"29":{"start":{"line":46,"column":6},"end":{"line":46,"column":44}},"30":{"start":{"line":47,"column":6},"end":{"line":47,"column":46}},"31":{"start":{"line":48,"column":6},"end":{"line":48,"column":50}},"32":{"start":{"line":49,"column":6},"end":{"line":49,"column":49}},"33":{"start":{"line":50,"column":6},"end":{"line":50,"column":50}},"34":{"start":{"line":51,"column":6},"end":{"line":51,"column":54}},"35":{"start":{"line":52,"column":6},"end":{"line":52,"column":51}},"36":{"start":{"line":53,"column":6},"end":{"line":53,"column":13}},"37":{"start":{"line":56,"column":2},"end":{"line":74,"column":5}},"38":{"start":{"line":57,"column":24},"end":{"line":57,"column":31}},"39":{"start":{"line":58,"column":15},"end":{"line":60,"column":5}},"40":{"start":{"line":62,"column":4},"end":{"line":73,"column":7}},"41":{"start":{"line":63,"column":6},"end":{"line":63,"column":39}},"42":{"start":{"line":64,"column":6},"end":{"line":64,"column":37}},"43":{"start":{"line":65,"column":6},"end":{"line":65,"column":44}},"44":{"start":{"line":66,"column":6},"end":{"line":66,"column":46}},"45":{"start":{"line":67,"column":6},"end":{"line":67,"column":50}},"46":{"start":{"line":68,"column":6},"end":{"line":68,"column":49}},"47":{"start":{"line":69,"column":6},"end":{"line":69,"column":50}},"48":{"start":{"line":70,"column":6},"end":{"line":70,"column":54}},"49":{"start":{"line":71,"column":6},"end":{"line":71,"column":51}},"50":{"start":{"line":72,"column":6},"end":{"line":72,"column":13}}},"fnMap":{"0":{"name":"_interopRequireDefault","decl":{"start":{"line":9,"column":9},"end":{"line":9,"column":31}},"loc":{"start":{"line":9,"column":37},"end":{"line":9,"column":97}},"line":9},"1":{"name":"(anonymous_1)","decl":{"start":{"line":16,"column":48},"end":{"line":16,"column":49}},"loc":{"start":{"line":16,"column":60},"end":{"line":75,"column":1}},"line":16},"2":{"name":"(anonymous_2)","decl":{"start":{"line":17,"column":50},"end":{"line":17,"column":51}},"loc":{"start":{"line":17,"column":66},"end":{"line":39,"column":3}},"line":17},"3":{"name":"(anonymous_3)","decl":{"start":{"line":23,"column":87},"end":{"line":23,"column":88}},"loc":{"start":{"line":23,"column":107},"end":{"line":38,"column":5}},"line":23},"4":{"name":"(anonymous_4)","decl":{"start":{"line":40,"column":63},"end":{"line":40,"column":64}},"loc":{"start":{"line":40,"column":79},"end":{"line":55,"column":3}},"line":40},"5":{"name":"(anonymous_5)","decl":{"start":{"line":43,"column":99},"end":{"line":43,"column":100}},"loc":{"start":{"line":43,"column":119},"end":{"line":54,"column":5}},"line":43},"6":{"name":"(anonymous_6)","decl":{"start":{"line":56,"column":77},"end":{"line":56,"column":78}},"loc":{"start":{"line":56,"column":93},"end":{"line":74,"column":3}},"line":56},"7":{"name":"(anonymous_7)","decl":{"start":{"line":62,"column":125},"end":{"line":62,"column":126}},"loc":{"start":{"line":62,"column":145},"end":{"line":73,"column":5}},"line":62}},"branchMap":{"0":{"loc":{"start":{"line":9,"column":46},"end":{"line":9,"column":94}},"type":"cond-expr","locations":[{"start":{"line":9,"column":70},"end":{"line":9,"column":73}},{"start":{"line":9,"column":76},"end":{"line":9,"column":94}}],"line":9},"1":{"loc":{"start":{"line":9,"column":46},"end":{"line":9,"column":67}},"type":"binary-expr","locations":[{"start":{"line":9,"column":46},"end":{"line":9,"column":49}},{"start":{"line":9,"column":53},"end":{"line":9,"column":67}}],"line":9}},"s":{"0":1,"1":1,"2":1,"3":3,"4":1,"5":1,"6":1,"7":1,"8":1,"9":1,"10":1,"11":1,"12":1,"13":1,"14":1,"15":1,"16":1,"17":1,"18":1,"19":1,"20":1,"21":1,"22":1,"23":1,"24":1,"25":1,"26":1,"27":1,"28":1,"29":1,"30":1,"31":1,"32":1,"33":1,"34":1,"35":1,"36":1,"37":1,"38":1,"39":1,"40":1,"41":1,"42":1,"43":1,"44":1,"45":1,"46":1,"47":1,"48":1,"49":1,"50":1},"f":{"0":3,"1":1,"2":1,"3":1,"4":1,"5":1,"6":1,"7":1},"b":{"0":[1,2],"1":[3,3]},"_coverageSchema":"43e27e138ebf9cfc5966b082cf9a028302ed4184","hash":"b5818548a78e1c4777d46d28ce1e3d5210be1600","contentHash":"3a9f298e9d9b2bc429549cf3b9977ee0ef282958b77b3ea9d2b8ba9e041617ad"},"C:\\Users\\Rock\\Desktop\\UIs\\tests\\signup_test.js":{"path":"C:\\Users\\Rock\\Desktop\\UIs\\tests\\signup_test.js","statementMap":{"0":{"start":{"line":3,"column":12},"end":{"line":3,"column":51}},"1":{"start":{"line":5,"column":16},"end":{"line":5,"column":60}},"2":{"start":{"line":7,"column":13},"end":{"line":7,"column":56}},"3":{"start":{"line":9,"column":39},"end":{"line":9,"column":95}},"4":{"start":{"line":12,"column":0},"end":{"line":12,"column":26}},"5":{"start":{"line":14,"column":0},"end":{"line":14,"column":43}},"6":{"start":{"line":17,"column":0},"end":{"line":154,"column":3}},"7":{"start":{"line":18,"column":2},"end":{"line":33,"column":5}},"8":{"start":{"line":19,"column":15},"end":{"line":24,"column":5}},"9":{"start":{"line":26,"column":4},"end":{"line":32,"column":7}},"10":{"start":{"line":28,"column":6},"end":{"line":28,"column":34}},"11":{"start":{"line":29,"column":6},"end":{"line":29,"column":38}},"12":{"start":{"line":30,"column":6},"end":{"line":30,"column":72}},"13":{"start":{"line":31,"column":6},"end":{"line":31,"column":13}},"14":{"start":{"line":34,"column":2},"end":{"line":50,"column":5}},"15":{"start":{"line":35,"column":15},"end":{"line":41,"column":5}},"16":{"start":{"line":43,"column":4},"end":{"line":49,"column":7}},"17":{"start":{"line":45,"column":6},"end":{"line":45,"column":34}},"18":{"start":{"line":46,"column":6},"end":{"line":46,"column":38}},"19":{"start":{"line":47,"column":6},"end":{"line":47,"column":90}},"20":{"start":{"line":48,"column":6},"end":{"line":48,"column":13}},"21":{"start":{"line":51,"column":2},"end":{"line":66,"column":5}},"22":{"start":{"line":52,"column":15},"end":{"line":57,"column":5}},"23":{"start":{"line":59,"column":4},"end":{"line":65,"column":7}},"24":{"start":{"line":61,"column":6},"end":{"line":61,"column":34}},"25":{"start":{"line":62,"column":6},"end":{"line":62,"column":38}},"26":{"start":{"line":63,"column":6},"end":{"line":63,"column":75}},"27":{"start":{"line":64,"column":6},"end":{"line":64,"column":13}},"28":{"start":{"line":67,"column":2},"end":{"line":81,"column":5}},"29":{"start":{"line":68,"column":15},"end":{"line":72,"column":5}},"30":{"start":{"line":74,"column":4},"end":{"line":80,"column":7}},"31":{"start":{"line":76,"column":6},"end":{"line":76,"column":34}},"32":{"start":{"line":77,"column":6},"end":{"line":77,"column":38}},"33":{"start":{"line":78,"column":6},"end":{"line":78,"column":76}},"34":{"start":{"line":79,"column":6},"end":{"line":79,"column":13}},"35":{"start":{"line":82,"column":2},"end":{"line":97,"column":5}},"36":{"start":{"line":83,"column":15},"end":{"line":88,"column":5}},"37":{"start":{"line":90,"column":4},"end":{"line":96,"column":7}},"38":{"start":{"line":92,"column":6},"end":{"line":92,"column":34}},"39":{"start":{"line":93,"column":6},"end":{"line":93,"column":38}},"40":{"start":{"line":94,"column":6},"end":{"line":94,"column":74}},"41":{"start":{"line":95,"column":6},"end":{"line":95,"column":13}},"42":{"start":{"line":98,"column":2},"end":{"line":114,"column":5}},"43":{"start":{"line":99,"column":15},"end":{"line":105,"column":5}},"44":{"start":{"line":107,"column":4},"end":{"line":113,"column":7}},"45":{"start":{"line":109,"column":6},"end":{"line":109,"column":34}},"46":{"start":{"line":110,"column":6},"end":{"line":110,"column":38}},"47":{"start":{"line":111,"column":6},"end":{"line":111,"column":74}},"48":{"start":{"line":112,"column":6},"end":{"line":112,"column":13}},"49":{"start":{"line":115,"column":2},"end":{"line":131,"column":5}},"50":{"start":{"line":116,"column":15},"end":{"line":122,"column":5}},"51":{"start":{"line":124,"column":4},"end":{"line":130,"column":7}},"52":{"start":{"line":126,"column":6},"end":{"line":126,"column":34}},"53":{"start":{"line":127,"column":6},"end":{"line":127,"column":38}},"54":{"start":{"line":128,"column":6},"end":{"line":128,"column":91}},"55":{"start":{"line":129,"column":6},"end":{"line":129,"column":13}},"56":{"start":{"line":132,"column":2},"end":{"line":153,"column":5}},"57":{"start":{"line":133,"column":15},"end":{"line":139,"column":5}},"58":{"start":{"line":141,"column":4},"end":{"line":152,"column":7}},"59":{"start":{"line":142,"column":6},"end":{"line":142,"column":39}},"60":{"start":{"line":143,"column":6},"end":{"line":143,"column":37}},"61":{"start":{"line":144,"column":6},"end":{"line":144,"column":44}},"62":{"start":{"line":145,"column":6},"end":{"line":145,"column":47}},"63":{"start":{"line":146,"column":6},"end":{"line":146,"column":50}},"64":{"start":{"line":147,"column":6},"end":{"line":147,"column":50}},"65":{"start":{"line":148,"column":6},"end":{"line":148,"column":50}},"66":{"start":{"line":149,"column":6},"end":{"line":149,"column":49}},"67":{"start":{"line":150,"column":6},"end":{"line":150,"column":46}},"68":{"start":{"line":151,"column":6},"end":{"line":151,"column":13}}},"fnMap":{"0":{"name":"_interopRequireDefault","decl":{"start":{"line":9,"column":9},"end":{"line":9,"column":31}},"loc":{"start":{"line":9,"column":37},"end":{"line":9,"column":97}},"line":9},"1":{"name":"(anonymous_1)","decl":{"start":{"line":17,"column":40},"end":{"line":17,"column":41}},"loc":{"start":{"line":17,"column":52},"end":{"line":154,"column":1}},"line":17},"2":{"name":"(anonymous_2)","decl":{"start":{"line":18,"column":66},"end":{"line":18,"column":67}},"loc":{"start":{"line":18,"column":82},"end":{"line":33,"column":3}},"line":18},"3":{"name":"(anonymous_3)","decl":{"start":{"line":26,"column":87},"end":{"line":26,"column":88}},"loc":{"start":{"line":26,"column":108},"end":{"line":32,"column":5}},"line":26},"4":{"name":"(anonymous_4)","decl":{"start":{"line":34,"column":66},"end":{"line":34,"column":67}},"loc":{"start":{"line":34,"column":82},"end":{"line":50,"column":3}},"line":34},"5":{"name":"(anonymous_5)","decl":{"start":{"line":43,"column":87},"end":{"line":43,"column":88}},"loc":{"start":{"line":43,"column":107},"end":{"line":49,"column":5}},"line":43},"6":{"name":"(anonymous_6)","decl":{"start":{"line":51,"column":70},"end":{"line":51,"column":71}},"loc":{"start":{"line":51,"column":86},"end":{"line":66,"column":3}},"line":51},"7":{"name":"(anonymous_7)","decl":{"start":{"line":59,"column":87},"end":{"line":59,"column":88}},"loc":{"start":{"line":59,"column":107},"end":{"line":65,"column":5}},"line":59},"8":{"name":"(anonymous_8)","decl":{"start":{"line":67,"column":71},"end":{"line":67,"column":72}},"loc":{"start":{"line":67,"column":87},"end":{"line":81,"column":3}},"line":67},"9":{"name":"(anonymous_9)","decl":{"start":{"line":74,"column":87},"end":{"line":74,"column":88}},"loc":{"start":{"line":74,"column":107},"end":{"line":80,"column":5}},"line":74},"10":{"name":"(anonymous_10)","decl":{"start":{"line":82,"column":69},"end":{"line":82,"column":70}},"loc":{"start":{"line":82,"column":85},"end":{"line":97,"column":3}},"line":82},"11":{"name":"(anonymous_11)","decl":{"start":{"line":90,"column":87},"end":{"line":90,"column":88}},"loc":{"start":{"line":90,"column":107},"end":{"line":96,"column":5}},"line":90},"12":{"name":"(anonymous_12)","decl":{"start":{"line":98,"column":67},"end":{"line":98,"column":68}},"loc":{"start":{"line":98,"column":83},"end":{"line":114,"column":3}},"line":98},"13":{"name":"(anonymous_13)","decl":{"start":{"line":107,"column":87},"end":{"line":107,"column":88}},"loc":{"start":{"line":107,"column":107},"end":{"line":113,"column":5}},"line":107},"14":{"name":"(anonymous_14)","decl":{"start":{"line":115,"column":68},"end":{"line":115,"column":69}},"loc":{"start":{"line":115,"column":84},"end":{"line":131,"column":3}},"line":115},"15":{"name":"(anonymous_15)","decl":{"start":{"line":124,"column":87},"end":{"line":124,"column":88}},"loc":{"start":{"line":124,"column":107},"end":{"line":130,"column":5}},"line":124},"16":{"name":"(anonymous_16)","decl":{"start":{"line":132,"column":50},"end":{"line":132,"column":51}},"loc":{"start":{"line":132,"column":66},"end":{"line":153,"column":3}},"line":132},"17":{"name":"(anonymous_17)","decl":{"start":{"line":141,"column":87},"end":{"line":141,"column":88}},"loc":{"start":{"line":141,"column":107},"end":{"line":152,"column":5}},"line":141}},"branchMap":{"0":{"loc":{"start":{"line":9,"column":46},"end":{"line":9,"column":94}},"type":"cond-expr","locations":[{"start":{"line":9,"column":70},"end":{"line":9,"column":73}},{"start":{"line":9,"column":76},"end":{"line":9,"column":94}}],"line":9},"1":{"loc":{"start":{"line":9,"column":46},"end":{"line":9,"column":67}},"type":"binary-expr","locations":[{"start":{"line":9,"column":46},"end":{"line":9,"column":49}},{"start":{"line":9,"column":53},"end":{"line":9,"column":67}}],"line":9}},"s":{"0":1,"1":1,"2":1,"3":3,"4":1,"5":1,"6":1,"7":1,"8":1,"9":1,"10":1,"11":1,"12":1,"13":1,"14":1,"15":1,"16":1,"17":1,"18":1,"19":1,"20":1,"21":1,"22":1,"23":1,"24":1,"25":1,"26":1,"27":1,"28":1,"29":1,"30":1,"31":1,"32":1,"33":1,"34":1,"35":1,"36":1,"37":1,"38":1,"39":1,"40":1,"41":1,"42":1,"43":1,"44":1,"45":1,"46":1,"47":1,"48":1,"49":1,"50":1,"51":1,"52":1,"53":1,"54":1,"55":1,"56":1,"57":1,"58":1,"59":1,"60":1,"61":1,"62":1,"63":1,"64":1,"65":1,"66":1,"67":1,"68":1},"f":{"0":3,"1":1,"2":1,"3":1,"4":1,"5":1,"6":1,"7":1,"8":1,"9":1,"10":1,"11":1,"12":1,"13":1,"14":1,"15":1,"16":1,"17":1},"b":{"0":[1,2],"1":[3,3]},"_coverageSchema":"43e27e138ebf9cfc5966b082cf9a028302ed4184","hash":"6aa6b67b6c9753599a322fab9c146eeb24d4729d","contentHash":"d70bae0de573c50601461299a6ae12e21e653ac4405e00d0637223e3f4625938"}}